<?xml version="1.0" encoding="UTF-8"?>
<testsuite xmlns:xsi="http://www.w3.org/2001/XMLSchema-instance" xsi:noNamespaceSchemaLocation="https://maven.apache.org/surefire/maven-surefire-plugin/xsd/surefire-test-report-3.0.xsd" version="3.0" name="com.curso.camel.casisistema.PruebaRutaCompletaTest" time="4.13" tests="1" errors="0" skipped="0" failures="1">
  <properties>
    <property name="java.specification.version" value="21"/>
    <property name="sun.jnu.encoding" value="UTF-8"/>
    <property name="java.class.path" value="/Users/ivan/formacionCamel/proyectos/bueno/target/test-classes:/Users/ivan/formacionCamel/proyectos/bueno/target/classes:/Users/ivan/.m2/repository/org/springframework/boot/spring-boot-starter/3.5.6/spring-boot-starter-3.5.6.jar:/Users/ivan/.m2/repository/org/springframework/boot/spring-boot/3.5.6/spring-boot-3.5.6.jar:/Users/ivan/.m2/repository/org/springframework/spring-context/6.2.11/spring-context-6.2.11.jar:/Users/ivan/.m2/repository/org/springframework/spring-expression/6.2.11/spring-expression-6.2.11.jar:/Users/ivan/.m2/repository/io/micrometer/micrometer-observation/1.15.4/micrometer-observation-1.15.4.jar:/Users/ivan/.m2/repository/io/micrometer/micrometer-commons/1.15.4/micrometer-commons-1.15.4.jar:/Users/ivan/.m2/repository/org/springframework/boot/spring-boot-autoconfigure/3.5.6/spring-boot-autoconfigure-3.5.6.jar:/Users/ivan/.m2/repository/org/springframework/boot/spring-boot-starter-logging/3.5.6/spring-boot-starter-logging-3.5.6.jar:/Users/ivan/.m2/repository/ch/qos/logback/logback-classic/1.5.18/logback-classic-1.5.18.jar:/Users/ivan/.m2/repository/ch/qos/logback/logback-core/1.5.18/logback-core-1.5.18.jar:/Users/ivan/.m2/repository/org/apache/logging/log4j/log4j-to-slf4j/2.24.3/log4j-to-slf4j-2.24.3.jar:/Users/ivan/.m2/repository/org/apache/logging/log4j/log4j-api/2.24.3/log4j-api-2.24.3.jar:/Users/ivan/.m2/repository/org/slf4j/jul-to-slf4j/2.0.17/jul-to-slf4j-2.0.17.jar:/Users/ivan/.m2/repository/jakarta/annotation/jakarta.annotation-api/2.1.1/jakarta.annotation-api-2.1.1.jar:/Users/ivan/.m2/repository/org/springframework/spring-core/6.2.11/spring-core-6.2.11.jar:/Users/ivan/.m2/repository/org/springframework/spring-jcl/6.2.11/spring-jcl-6.2.11.jar:/Users/ivan/.m2/repository/org/yaml/snakeyaml/2.4/snakeyaml-2.4.jar:/Users/ivan/.m2/repository/org/springframework/boot/spring-boot-starter-data-jpa/3.5.6/spring-boot-starter-data-jpa-3.5.6.jar:/Users/ivan/.m2/repository/org/springframework/boot/spring-boot-starter-jdbc/3.5.6/spring-boot-starter-jdbc-3.5.6.jar:/Users/ivan/.m2/repository/com/zaxxer/HikariCP/6.3.3/HikariCP-6.3.3.jar:/Users/ivan/.m2/repository/org/springframework/spring-jdbc/6.2.11/spring-jdbc-6.2.11.jar:/Users/ivan/.m2/repository/org/hibernate/orm/hibernate-core/6.6.29.Final/hibernate-core-6.6.29.Final.jar:/Users/ivan/.m2/repository/jakarta/persistence/jakarta.persistence-api/3.1.0/jakarta.persistence-api-3.1.0.jar:/Users/ivan/.m2/repository/jakarta/transaction/jakarta.transaction-api/2.0.1/jakarta.transaction-api-2.0.1.jar:/Users/ivan/.m2/repository/org/jboss/logging/jboss-logging/3.6.1.Final/jboss-logging-3.6.1.Final.jar:/Users/ivan/.m2/repository/org/hibernate/common/hibernate-commons-annotations/7.0.3.Final/hibernate-commons-annotations-7.0.3.Final.jar:/Users/ivan/.m2/repository/io/smallrye/jandex/3.2.0/jandex-3.2.0.jar:/Users/ivan/.m2/repository/com/fasterxml/classmate/1.7.0/classmate-1.7.0.jar:/Users/ivan/.m2/repository/net/bytebuddy/byte-buddy/1.17.7/byte-buddy-1.17.7.jar:/Users/ivan/.m2/repository/org/glassfish/jaxb/jaxb-runtime/4.0.5/jaxb-runtime-4.0.5.jar:/Users/ivan/.m2/repository/org/glassfish/jaxb/jaxb-core/4.0.5/jaxb-core-4.0.5.jar:/Users/ivan/.m2/repository/org/eclipse/angus/angus-activation/2.0.2/angus-activation-2.0.2.jar:/Users/ivan/.m2/repository/org/glassfish/jaxb/txw2/4.0.5/txw2-4.0.5.jar:/Users/ivan/.m2/repository/com/sun/istack/istack-commons-runtime/4.1.2/istack-commons-runtime-4.1.2.jar:/Users/ivan/.m2/repository/jakarta/inject/jakarta.inject-api/2.0.1/jakarta.inject-api-2.0.1.jar:/Users/ivan/.m2/repository/org/antlr/antlr4-runtime/4.13.0/antlr4-runtime-4.13.0.jar:/Users/ivan/.m2/repository/org/springframework/data/spring-data-jpa/3.5.4/spring-data-jpa-3.5.4.jar:/Users/ivan/.m2/repository/org/springframework/data/spring-data-commons/3.5.4/spring-data-commons-3.5.4.jar:/Users/ivan/.m2/repository/org/springframework/spring-orm/6.2.11/spring-orm-6.2.11.jar:/Users/ivan/.m2/repository/org/springframework/spring-aop/6.2.11/spring-aop-6.2.11.jar:/Users/ivan/.m2/repository/org/springframework/spring-tx/6.2.11/spring-tx-6.2.11.jar:/Users/ivan/.m2/repository/org/springframework/spring-beans/6.2.11/spring-beans-6.2.11.jar:/Users/ivan/.m2/repository/org/slf4j/slf4j-api/2.0.17/slf4j-api-2.0.17.jar:/Users/ivan/.m2/repository/org/springframework/spring-aspects/6.2.11/spring-aspects-6.2.11.jar:/Users/ivan/.m2/repository/org/aspectj/aspectjweaver/1.9.24/aspectjweaver-1.9.24.jar:/Users/ivan/.m2/repository/com/h2database/h2/2.3.232/h2-2.3.232.jar:/Users/ivan/.m2/repository/org/apache/camel/springboot/camel-spring-boot-starter/4.10.7/camel-spring-boot-starter-4.10.7.jar:/Users/ivan/.m2/repository/org/apache/camel/springboot/camel-spring-boot/4.10.7/camel-spring-boot-4.10.7.jar:/Users/ivan/.m2/repository/org/apache/camel/camel-spring/4.10.7/camel-spring-4.10.7.jar:/Users/ivan/.m2/repository/org/apache/camel/camel-management-api/4.10.7/camel-management-api-4.10.7.jar:/Users/ivan/.m2/repository/org/apache/camel/camel-spring-main/4.10.7/camel-spring-main-4.10.7.jar:/Users/ivan/.m2/repository/org/apache/camel/camel-main/4.10.7/camel-main-4.10.7.jar:/Users/ivan/.m2/repository/org/apache/camel/camel-base/4.10.7/camel-base-4.10.7.jar:/Users/ivan/.m2/repository/org/apache/camel/camel-util-json/4.10.7/camel-util-json-4.10.7.jar:/Users/ivan/.m2/repository/org/apache/camel/camel-cloud/4.10.7/camel-cloud-4.10.7.jar:/Users/ivan/.m2/repository/org/apache/camel/camel-core-model/4.10.7/camel-core-model-4.10.7.jar:/Users/ivan/.m2/repository/org/apache/camel/camel-core-processor/4.10.7/camel-core-processor-4.10.7.jar:/Users/ivan/.m2/repository/org/apache/camel/camel-cluster/4.10.7/camel-cluster-4.10.7.jar:/Users/ivan/.m2/repository/org/apache/camel/camel-base-engine/4.10.7/camel-base-engine-4.10.7.jar:/Users/ivan/.m2/repository/org/apache/camel/camel-health/4.10.7/camel-health-4.10.7.jar:/Users/ivan/.m2/repository/org/apache/camel/springboot/camel-core-starter/4.10.7/camel-core-starter-4.10.7.jar:/Users/ivan/.m2/repository/org/apache/camel/camel-core-engine/4.10.7/camel-core-engine-4.10.7.jar:/Users/ivan/.m2/repository/org/apache/camel/camel-api/4.10.7/camel-api-4.10.7.jar:/Users/ivan/.m2/repository/org/apache/camel/camel-core-reifier/4.10.7/camel-core-reifier-4.10.7.jar:/Users/ivan/.m2/repository/org/apache/camel/camel-util/4.10.7/camel-util-4.10.7.jar:/Users/ivan/.m2/repository/org/apache/camel/springboot/camel-bean-starter/4.10.7/camel-bean-starter-4.10.7.jar:/Users/ivan/.m2/repository/org/apache/camel/camel-bean/4.10.7/camel-bean-4.10.7.jar:/Users/ivan/.m2/repository/org/apache/camel/springboot/camel-browse-starter/4.10.7/camel-browse-starter-4.10.7.jar:/Users/ivan/.m2/repository/org/apache/camel/camel-browse/4.10.7/camel-browse-4.10.7.jar:/Users/ivan/.m2/repository/org/apache/camel/springboot/camel-controlbus-starter/4.10.7/camel-controlbus-starter-4.10.7.jar:/Users/ivan/.m2/repository/org/apache/camel/camel-controlbus/4.10.7/camel-controlbus-4.10.7.jar:/Users/ivan/.m2/repository/org/apache/camel/springboot/camel-dataformat-starter/4.10.7/camel-dataformat-starter-4.10.7.jar:/Users/ivan/.m2/repository/org/apache/camel/camel-dataformat/4.10.7/camel-dataformat-4.10.7.jar:/Users/ivan/.m2/repository/org/apache/camel/springboot/camel-dataset-starter/4.10.7/camel-dataset-starter-4.10.7.jar:/Users/ivan/.m2/repository/org/apache/camel/camel-dataset/4.10.7/camel-dataset-4.10.7.jar:/Users/ivan/.m2/repository/org/apache/camel/springboot/camel-direct-starter/4.10.7/camel-direct-starter-4.10.7.jar:/Users/ivan/.m2/repository/org/apache/camel/camel-direct/4.10.7/camel-direct-4.10.7.jar:/Users/ivan/.m2/repository/org/apache/camel/springboot/camel-file-starter/4.10.7/camel-file-starter-4.10.7.jar:/Users/ivan/.m2/repository/org/apache/camel/camel-file/4.10.7/camel-file-4.10.7.jar:/Users/ivan/.m2/repository/commons-codec/commons-codec/1.18.0/commons-codec-1.18.0.jar:/Users/ivan/.m2/repository/org/apache/camel/springboot/camel-language-starter/4.10.7/camel-language-starter-4.10.7.jar:/Users/ivan/.m2/repository/org/apache/camel/camel-language/4.10.7/camel-language-4.10.7.jar:/Users/ivan/.m2/repository/org/apache/camel/springboot/camel-log-starter/4.10.7/camel-log-starter-4.10.7.jar:/Users/ivan/.m2/repository/org/apache/camel/camel-log/4.10.7/camel-log-4.10.7.jar:/Users/ivan/.m2/repository/org/apache/camel/springboot/camel-mock-starter/4.10.7/camel-mock-starter-4.10.7.jar:/Users/ivan/.m2/repository/org/apache/camel/camel-mock/4.10.7/camel-mock-4.10.7.jar:/Users/ivan/.m2/repository/org/apache/camel/springboot/camel-ref-starter/4.10.7/camel-ref-starter-4.10.7.jar:/Users/ivan/.m2/repository/org/apache/camel/camel-ref/4.10.7/camel-ref-4.10.7.jar:/Users/ivan/.m2/repository/org/apache/camel/springboot/camel-rest-starter/4.10.7/camel-rest-starter-4.10.7.jar:/Users/ivan/.m2/repository/org/apache/camel/camel-rest/4.10.7/camel-rest-4.10.7.jar:/Users/ivan/.m2/repository/org/apache/camel/camel-tooling-model/4.10.7/camel-tooling-model-4.10.7.jar:/Users/ivan/.m2/repository/org/apache/camel/springboot/camel-saga-starter/4.10.7/camel-saga-starter-4.10.7.jar:/Users/ivan/.m2/repository/org/apache/camel/camel-saga/4.10.7/camel-saga-4.10.7.jar:/Users/ivan/.m2/repository/org/apache/camel/springboot/camel-scheduler-starter/4.10.7/camel-scheduler-starter-4.10.7.jar:/Users/ivan/.m2/repository/org/apache/camel/camel-scheduler/4.10.7/camel-scheduler-4.10.7.jar:/Users/ivan/.m2/repository/org/apache/camel/springboot/camel-seda-starter/4.10.7/camel-seda-starter-4.10.7.jar:/Users/ivan/.m2/repository/org/apache/camel/camel-seda/4.10.7/camel-seda-4.10.7.jar:/Users/ivan/.m2/repository/org/apache/camel/springboot/camel-stub-starter/4.10.7/camel-stub-starter-4.10.7.jar:/Users/ivan/.m2/repository/org/apache/camel/camel-stub/4.10.7/camel-stub-4.10.7.jar:/Users/ivan/.m2/repository/org/apache/camel/springboot/camel-timer-starter/4.10.7/camel-timer-starter-4.10.7.jar:/Users/ivan/.m2/repository/org/apache/camel/camel-timer/4.10.7/camel-timer-4.10.7.jar:/Users/ivan/.m2/repository/org/apache/camel/springboot/camel-validator-starter/4.10.7/camel-validator-starter-4.10.7.jar:/Users/ivan/.m2/repository/org/apache/camel/camel-validator/4.10.7/camel-validator-4.10.7.jar:/Users/ivan/.m2/repository/org/apache/camel/springboot/camel-xpath-starter/4.10.7/camel-xpath-starter-4.10.7.jar:/Users/ivan/.m2/repository/org/apache/camel/camel-xpath/4.10.7/camel-xpath-4.10.7.jar:/Users/ivan/.m2/repository/org/apache/camel/springboot/camel-xslt-starter/4.10.7/camel-xslt-starter-4.10.7.jar:/Users/ivan/.m2/repository/org/apache/camel/camel-xslt/4.10.7/camel-xslt-4.10.7.jar:/Users/ivan/.m2/repository/org/apache/camel/springboot/camel-xml-jaxp-starter/4.10.7/camel-xml-jaxp-starter-4.10.7.jar:/Users/ivan/.m2/repository/org/apache/camel/camel-xml-jaxp/4.10.7/camel-xml-jaxp-4.10.7.jar:/Users/ivan/.m2/repository/org/apache/camel/camel-xml-jaxp-util/4.10.7/camel-xml-jaxp-util-4.10.7.jar:/Users/ivan/.m2/repository/org/apache/camel/camel-xml-io-util/4.10.7/camel-xml-io-util-4.10.7.jar:/Users/ivan/.m2/repository/org/apache/camel/springboot/camel-jpa-starter/4.10.7/camel-jpa-starter-4.10.7.jar:/Users/ivan/.m2/repository/org/apache/camel/camel-jpa/4.10.7/camel-jpa-4.10.7.jar:/Users/ivan/.m2/repository/org/apache/camel/camel-support/4.10.7/camel-support-4.10.7.jar:/Users/ivan/.m2/repository/org/apache/camel/camel-core-languages/4.10.7/camel-core-languages-4.10.7.jar:/Users/ivan/.m2/repository/org/projectlombok/lombok/1.18.34/lombok-1.18.34.jar:/Users/ivan/.m2/repository/org/mapstruct/mapstruct/1.6.3/mapstruct-1.6.3.jar:/Users/ivan/.m2/repository/org/apache/camel/springboot/camel-jackson-starter/4.10.7/camel-jackson-starter-4.10.7.jar:/Users/ivan/.m2/repository/org/apache/camel/camel-jackson/4.10.7/camel-jackson-4.10.7.jar:/Users/ivan/.m2/repository/com/fasterxml/jackson/core/jackson-databind/2.19.2/jackson-databind-2.19.2.jar:/Users/ivan/.m2/repository/com/fasterxml/jackson/core/jackson-annotations/2.19.2/jackson-annotations-2.19.2.jar:/Users/ivan/.m2/repository/com/fasterxml/jackson/core/jackson-core/2.19.2/jackson-core-2.19.2.jar:/Users/ivan/.m2/repository/org/apache/camel/springboot/camel-jacksonxml-starter/4.10.7/camel-jacksonxml-starter-4.10.7.jar:/Users/ivan/.m2/repository/org/apache/camel/camel-jacksonxml/4.10.7/camel-jacksonxml-4.10.7.jar:/Users/ivan/.m2/repository/com/fasterxml/jackson/dataformat/jackson-dataformat-xml/2.19.2/jackson-dataformat-xml-2.19.2.jar:/Users/ivan/.m2/repository/org/codehaus/woodstox/stax2-api/4.2.2/stax2-api-4.2.2.jar:/Users/ivan/.m2/repository/com/fasterxml/woodstox/woodstox-core/7.1.1/woodstox-core-7.1.1.jar:/Users/ivan/.m2/repository/com/fasterxml/jackson/module/jackson-module-jakarta-xmlbind-annotations/2.19.2/jackson-module-jakarta-xmlbind-annotations-2.19.2.jar:/Users/ivan/.m2/repository/org/springframework/boot/spring-boot-starter-test/3.5.6/spring-boot-starter-test-3.5.6.jar:/Users/ivan/.m2/repository/org/springframework/boot/spring-boot-test/3.5.6/spring-boot-test-3.5.6.jar:/Users/ivan/.m2/repository/org/springframework/boot/spring-boot-test-autoconfigure/3.5.6/spring-boot-test-autoconfigure-3.5.6.jar:/Users/ivan/.m2/repository/com/jayway/jsonpath/json-path/2.9.0/json-path-2.9.0.jar:/Users/ivan/.m2/repository/jakarta/xml/bind/jakarta.xml.bind-api/4.0.2/jakarta.xml.bind-api-4.0.2.jar:/Users/ivan/.m2/repository/jakarta/activation/jakarta.activation-api/2.1.4/jakarta.activation-api-2.1.4.jar:/Users/ivan/.m2/repository/net/minidev/json-smart/2.5.2/json-smart-2.5.2.jar:/Users/ivan/.m2/repository/net/minidev/accessors-smart/2.5.2/accessors-smart-2.5.2.jar:/Users/ivan/.m2/repository/org/ow2/asm/asm/9.7.1/asm-9.7.1.jar:/Users/ivan/.m2/repository/org/assertj/assertj-core/3.27.4/assertj-core-3.27.4.jar:/Users/ivan/.m2/repository/org/awaitility/awaitility/4.2.2/awaitility-4.2.2.jar:/Users/ivan/.m2/repository/org/hamcrest/hamcrest/3.0/hamcrest-3.0.jar:/Users/ivan/.m2/repository/org/junit/jupiter/junit-jupiter/5.12.2/junit-jupiter-5.12.2.jar:/Users/ivan/.m2/repository/org/junit/jupiter/junit-jupiter-api/5.12.2/junit-jupiter-api-5.12.2.jar:/Users/ivan/.m2/repository/org/opentest4j/opentest4j/1.3.0/opentest4j-1.3.0.jar:/Users/ivan/.m2/repository/org/junit/platform/junit-platform-commons/1.12.2/junit-platform-commons-1.12.2.jar:/Users/ivan/.m2/repository/org/apiguardian/apiguardian-api/1.1.2/apiguardian-api-1.1.2.jar:/Users/ivan/.m2/repository/org/junit/jupiter/junit-jupiter-params/5.12.2/junit-jupiter-params-5.12.2.jar:/Users/ivan/.m2/repository/org/junit/jupiter/junit-jupiter-engine/5.12.2/junit-jupiter-engine-5.12.2.jar:/Users/ivan/.m2/repository/org/junit/platform/junit-platform-engine/1.12.2/junit-platform-engine-1.12.2.jar:/Users/ivan/.m2/repository/org/mockito/mockito-core/5.17.0/mockito-core-5.17.0.jar:/Users/ivan/.m2/repository/net/bytebuddy/byte-buddy-agent/1.17.7/byte-buddy-agent-1.17.7.jar:/Users/ivan/.m2/repository/org/objenesis/objenesis/3.3/objenesis-3.3.jar:/Users/ivan/.m2/repository/org/mockito/mockito-junit-jupiter/5.17.0/mockito-junit-jupiter-5.17.0.jar:/Users/ivan/.m2/repository/org/skyscreamer/jsonassert/1.5.3/jsonassert-1.5.3.jar:/Users/ivan/.m2/repository/com/vaadin/external/google/android-json/0.0.20131108.vaadin1/android-json-0.0.20131108.vaadin1.jar:/Users/ivan/.m2/repository/org/springframework/spring-test/6.2.11/spring-test-6.2.11.jar:/Users/ivan/.m2/repository/org/xmlunit/xmlunit-core/2.10.4/xmlunit-core-2.10.4.jar:/Users/ivan/.m2/repository/org/apache/camel/camel-test-spring-junit5/4.10.7/camel-test-spring-junit5-4.10.7.jar:/Users/ivan/.m2/repository/org/apache/camel/camel-test-junit5/4.10.7/camel-test-junit5-4.10.7.jar:/Users/ivan/.m2/repository/org/apache/camel/camel-spring-xml/4.10.7/camel-spring-xml-4.10.7.jar:/Users/ivan/.m2/repository/org/apache/camel/camel-xml-jaxb/4.10.7/camel-xml-jaxb-4.10.7.jar:/Users/ivan/.m2/repository/org/apache/camel/camel-core-xml/4.10.7/camel-core-xml-4.10.7.jar:"/>
    <property name="java.vm.vendor" value="Oracle Corporation"/>
    <property name="sun.arch.data.model" value="64"/>
    <property name="java.vendor.url" value="https://java.oracle.com/"/>
    <property name="user.timezone" value="Europe/Madrid"/>
    <property name="org.jboss.logging.provider" value="slf4j"/>
    <property name="os.name" value="Mac OS X"/>
    <property name="java.vm.specification.version" value="21"/>
    <property name="sun.java.launcher" value="SUN_STANDARD"/>
    <property name="user.country" value="ES"/>
    <property name="sun.boot.library.path" value="/Library/Java/JavaVirtualMachines/jdk-21.jdk/Contents/Home/lib"/>
    <property name="sun.java.command" value="/Users/ivan/formacionCamel/proyectos/bueno/target/surefire/surefirebooter-20251010100814693_3.jar /Users/ivan/formacionCamel/proyectos/bueno/target/surefire 2025-10-10T10-08-14_575-jvmRun1 surefire-20251010100814693_1tmp surefire_0-20251010100814693_2tmp"/>
    <property name="http.nonProxyHosts" value="local|*.local|169.254/16|*.169.254/16"/>
    <property name="jdk.debug" value="release"/>
    <property name="surefire.test.class.path" value="/Users/ivan/formacionCamel/proyectos/bueno/target/test-classes:/Users/ivan/formacionCamel/proyectos/bueno/target/classes:/Users/ivan/.m2/repository/org/springframework/boot/spring-boot-starter/3.5.6/spring-boot-starter-3.5.6.jar:/Users/ivan/.m2/repository/org/springframework/boot/spring-boot/3.5.6/spring-boot-3.5.6.jar:/Users/ivan/.m2/repository/org/springframework/spring-context/6.2.11/spring-context-6.2.11.jar:/Users/ivan/.m2/repository/org/springframework/spring-expression/6.2.11/spring-expression-6.2.11.jar:/Users/ivan/.m2/repository/io/micrometer/micrometer-observation/1.15.4/micrometer-observation-1.15.4.jar:/Users/ivan/.m2/repository/io/micrometer/micrometer-commons/1.15.4/micrometer-commons-1.15.4.jar:/Users/ivan/.m2/repository/org/springframework/boot/spring-boot-autoconfigure/3.5.6/spring-boot-autoconfigure-3.5.6.jar:/Users/ivan/.m2/repository/org/springframework/boot/spring-boot-starter-logging/3.5.6/spring-boot-starter-logging-3.5.6.jar:/Users/ivan/.m2/repository/ch/qos/logback/logback-classic/1.5.18/logback-classic-1.5.18.jar:/Users/ivan/.m2/repository/ch/qos/logback/logback-core/1.5.18/logback-core-1.5.18.jar:/Users/ivan/.m2/repository/org/apache/logging/log4j/log4j-to-slf4j/2.24.3/log4j-to-slf4j-2.24.3.jar:/Users/ivan/.m2/repository/org/apache/logging/log4j/log4j-api/2.24.3/log4j-api-2.24.3.jar:/Users/ivan/.m2/repository/org/slf4j/jul-to-slf4j/2.0.17/jul-to-slf4j-2.0.17.jar:/Users/ivan/.m2/repository/jakarta/annotation/jakarta.annotation-api/2.1.1/jakarta.annotation-api-2.1.1.jar:/Users/ivan/.m2/repository/org/springframework/spring-core/6.2.11/spring-core-6.2.11.jar:/Users/ivan/.m2/repository/org/springframework/spring-jcl/6.2.11/spring-jcl-6.2.11.jar:/Users/ivan/.m2/repository/org/yaml/snakeyaml/2.4/snakeyaml-2.4.jar:/Users/ivan/.m2/repository/org/springframework/boot/spring-boot-starter-data-jpa/3.5.6/spring-boot-starter-data-jpa-3.5.6.jar:/Users/ivan/.m2/repository/org/springframework/boot/spring-boot-starter-jdbc/3.5.6/spring-boot-starter-jdbc-3.5.6.jar:/Users/ivan/.m2/repository/com/zaxxer/HikariCP/6.3.3/HikariCP-6.3.3.jar:/Users/ivan/.m2/repository/org/springframework/spring-jdbc/6.2.11/spring-jdbc-6.2.11.jar:/Users/ivan/.m2/repository/org/hibernate/orm/hibernate-core/6.6.29.Final/hibernate-core-6.6.29.Final.jar:/Users/ivan/.m2/repository/jakarta/persistence/jakarta.persistence-api/3.1.0/jakarta.persistence-api-3.1.0.jar:/Users/ivan/.m2/repository/jakarta/transaction/jakarta.transaction-api/2.0.1/jakarta.transaction-api-2.0.1.jar:/Users/ivan/.m2/repository/org/jboss/logging/jboss-logging/3.6.1.Final/jboss-logging-3.6.1.Final.jar:/Users/ivan/.m2/repository/org/hibernate/common/hibernate-commons-annotations/7.0.3.Final/hibernate-commons-annotations-7.0.3.Final.jar:/Users/ivan/.m2/repository/io/smallrye/jandex/3.2.0/jandex-3.2.0.jar:/Users/ivan/.m2/repository/com/fasterxml/classmate/1.7.0/classmate-1.7.0.jar:/Users/ivan/.m2/repository/net/bytebuddy/byte-buddy/1.17.7/byte-buddy-1.17.7.jar:/Users/ivan/.m2/repository/org/glassfish/jaxb/jaxb-runtime/4.0.5/jaxb-runtime-4.0.5.jar:/Users/ivan/.m2/repository/org/glassfish/jaxb/jaxb-core/4.0.5/jaxb-core-4.0.5.jar:/Users/ivan/.m2/repository/org/eclipse/angus/angus-activation/2.0.2/angus-activation-2.0.2.jar:/Users/ivan/.m2/repository/org/glassfish/jaxb/txw2/4.0.5/txw2-4.0.5.jar:/Users/ivan/.m2/repository/com/sun/istack/istack-commons-runtime/4.1.2/istack-commons-runtime-4.1.2.jar:/Users/ivan/.m2/repository/jakarta/inject/jakarta.inject-api/2.0.1/jakarta.inject-api-2.0.1.jar:/Users/ivan/.m2/repository/org/antlr/antlr4-runtime/4.13.0/antlr4-runtime-4.13.0.jar:/Users/ivan/.m2/repository/org/springframework/data/spring-data-jpa/3.5.4/spring-data-jpa-3.5.4.jar:/Users/ivan/.m2/repository/org/springframework/data/spring-data-commons/3.5.4/spring-data-commons-3.5.4.jar:/Users/ivan/.m2/repository/org/springframework/spring-orm/6.2.11/spring-orm-6.2.11.jar:/Users/ivan/.m2/repository/org/springframework/spring-aop/6.2.11/spring-aop-6.2.11.jar:/Users/ivan/.m2/repository/org/springframework/spring-tx/6.2.11/spring-tx-6.2.11.jar:/Users/ivan/.m2/repository/org/springframework/spring-beans/6.2.11/spring-beans-6.2.11.jar:/Users/ivan/.m2/repository/org/slf4j/slf4j-api/2.0.17/slf4j-api-2.0.17.jar:/Users/ivan/.m2/repository/org/springframework/spring-aspects/6.2.11/spring-aspects-6.2.11.jar:/Users/ivan/.m2/repository/org/aspectj/aspectjweaver/1.9.24/aspectjweaver-1.9.24.jar:/Users/ivan/.m2/repository/com/h2database/h2/2.3.232/h2-2.3.232.jar:/Users/ivan/.m2/repository/org/apache/camel/springboot/camel-spring-boot-starter/4.10.7/camel-spring-boot-starter-4.10.7.jar:/Users/ivan/.m2/repository/org/apache/camel/springboot/camel-spring-boot/4.10.7/camel-spring-boot-4.10.7.jar:/Users/ivan/.m2/repository/org/apache/camel/camel-spring/4.10.7/camel-spring-4.10.7.jar:/Users/ivan/.m2/repository/org/apache/camel/camel-management-api/4.10.7/camel-management-api-4.10.7.jar:/Users/ivan/.m2/repository/org/apache/camel/camel-spring-main/4.10.7/camel-spring-main-4.10.7.jar:/Users/ivan/.m2/repository/org/apache/camel/camel-main/4.10.7/camel-main-4.10.7.jar:/Users/ivan/.m2/repository/org/apache/camel/camel-base/4.10.7/camel-base-4.10.7.jar:/Users/ivan/.m2/repository/org/apache/camel/camel-util-json/4.10.7/camel-util-json-4.10.7.jar:/Users/ivan/.m2/repository/org/apache/camel/camel-cloud/4.10.7/camel-cloud-4.10.7.jar:/Users/ivan/.m2/repository/org/apache/camel/camel-core-model/4.10.7/camel-core-model-4.10.7.jar:/Users/ivan/.m2/repository/org/apache/camel/camel-core-processor/4.10.7/camel-core-processor-4.10.7.jar:/Users/ivan/.m2/repository/org/apache/camel/camel-cluster/4.10.7/camel-cluster-4.10.7.jar:/Users/ivan/.m2/repository/org/apache/camel/camel-base-engine/4.10.7/camel-base-engine-4.10.7.jar:/Users/ivan/.m2/repository/org/apache/camel/camel-health/4.10.7/camel-health-4.10.7.jar:/Users/ivan/.m2/repository/org/apache/camel/springboot/camel-core-starter/4.10.7/camel-core-starter-4.10.7.jar:/Users/ivan/.m2/repository/org/apache/camel/camel-core-engine/4.10.7/camel-core-engine-4.10.7.jar:/Users/ivan/.m2/repository/org/apache/camel/camel-api/4.10.7/camel-api-4.10.7.jar:/Users/ivan/.m2/repository/org/apache/camel/camel-core-reifier/4.10.7/camel-core-reifier-4.10.7.jar:/Users/ivan/.m2/repository/org/apache/camel/camel-util/4.10.7/camel-util-4.10.7.jar:/Users/ivan/.m2/repository/org/apache/camel/springboot/camel-bean-starter/4.10.7/camel-bean-starter-4.10.7.jar:/Users/ivan/.m2/repository/org/apache/camel/camel-bean/4.10.7/camel-bean-4.10.7.jar:/Users/ivan/.m2/repository/org/apache/camel/springboot/camel-browse-starter/4.10.7/camel-browse-starter-4.10.7.jar:/Users/ivan/.m2/repository/org/apache/camel/camel-browse/4.10.7/camel-browse-4.10.7.jar:/Users/ivan/.m2/repository/org/apache/camel/springboot/camel-controlbus-starter/4.10.7/camel-controlbus-starter-4.10.7.jar:/Users/ivan/.m2/repository/org/apache/camel/camel-controlbus/4.10.7/camel-controlbus-4.10.7.jar:/Users/ivan/.m2/repository/org/apache/camel/springboot/camel-dataformat-starter/4.10.7/camel-dataformat-starter-4.10.7.jar:/Users/ivan/.m2/repository/org/apache/camel/camel-dataformat/4.10.7/camel-dataformat-4.10.7.jar:/Users/ivan/.m2/repository/org/apache/camel/springboot/camel-dataset-starter/4.10.7/camel-dataset-starter-4.10.7.jar:/Users/ivan/.m2/repository/org/apache/camel/camel-dataset/4.10.7/camel-dataset-4.10.7.jar:/Users/ivan/.m2/repository/org/apache/camel/springboot/camel-direct-starter/4.10.7/camel-direct-starter-4.10.7.jar:/Users/ivan/.m2/repository/org/apache/camel/camel-direct/4.10.7/camel-direct-4.10.7.jar:/Users/ivan/.m2/repository/org/apache/camel/springboot/camel-file-starter/4.10.7/camel-file-starter-4.10.7.jar:/Users/ivan/.m2/repository/org/apache/camel/camel-file/4.10.7/camel-file-4.10.7.jar:/Users/ivan/.m2/repository/commons-codec/commons-codec/1.18.0/commons-codec-1.18.0.jar:/Users/ivan/.m2/repository/org/apache/camel/springboot/camel-language-starter/4.10.7/camel-language-starter-4.10.7.jar:/Users/ivan/.m2/repository/org/apache/camel/camel-language/4.10.7/camel-language-4.10.7.jar:/Users/ivan/.m2/repository/org/apache/camel/springboot/camel-log-starter/4.10.7/camel-log-starter-4.10.7.jar:/Users/ivan/.m2/repository/org/apache/camel/camel-log/4.10.7/camel-log-4.10.7.jar:/Users/ivan/.m2/repository/org/apache/camel/springboot/camel-mock-starter/4.10.7/camel-mock-starter-4.10.7.jar:/Users/ivan/.m2/repository/org/apache/camel/camel-mock/4.10.7/camel-mock-4.10.7.jar:/Users/ivan/.m2/repository/org/apache/camel/springboot/camel-ref-starter/4.10.7/camel-ref-starter-4.10.7.jar:/Users/ivan/.m2/repository/org/apache/camel/camel-ref/4.10.7/camel-ref-4.10.7.jar:/Users/ivan/.m2/repository/org/apache/camel/springboot/camel-rest-starter/4.10.7/camel-rest-starter-4.10.7.jar:/Users/ivan/.m2/repository/org/apache/camel/camel-rest/4.10.7/camel-rest-4.10.7.jar:/Users/ivan/.m2/repository/org/apache/camel/camel-tooling-model/4.10.7/camel-tooling-model-4.10.7.jar:/Users/ivan/.m2/repository/org/apache/camel/springboot/camel-saga-starter/4.10.7/camel-saga-starter-4.10.7.jar:/Users/ivan/.m2/repository/org/apache/camel/camel-saga/4.10.7/camel-saga-4.10.7.jar:/Users/ivan/.m2/repository/org/apache/camel/springboot/camel-scheduler-starter/4.10.7/camel-scheduler-starter-4.10.7.jar:/Users/ivan/.m2/repository/org/apache/camel/camel-scheduler/4.10.7/camel-scheduler-4.10.7.jar:/Users/ivan/.m2/repository/org/apache/camel/springboot/camel-seda-starter/4.10.7/camel-seda-starter-4.10.7.jar:/Users/ivan/.m2/repository/org/apache/camel/camel-seda/4.10.7/camel-seda-4.10.7.jar:/Users/ivan/.m2/repository/org/apache/camel/springboot/camel-stub-starter/4.10.7/camel-stub-starter-4.10.7.jar:/Users/ivan/.m2/repository/org/apache/camel/camel-stub/4.10.7/camel-stub-4.10.7.jar:/Users/ivan/.m2/repository/org/apache/camel/springboot/camel-timer-starter/4.10.7/camel-timer-starter-4.10.7.jar:/Users/ivan/.m2/repository/org/apache/camel/camel-timer/4.10.7/camel-timer-4.10.7.jar:/Users/ivan/.m2/repository/org/apache/camel/springboot/camel-validator-starter/4.10.7/camel-validator-starter-4.10.7.jar:/Users/ivan/.m2/repository/org/apache/camel/camel-validator/4.10.7/camel-validator-4.10.7.jar:/Users/ivan/.m2/repository/org/apache/camel/springboot/camel-xpath-starter/4.10.7/camel-xpath-starter-4.10.7.jar:/Users/ivan/.m2/repository/org/apache/camel/camel-xpath/4.10.7/camel-xpath-4.10.7.jar:/Users/ivan/.m2/repository/org/apache/camel/springboot/camel-xslt-starter/4.10.7/camel-xslt-starter-4.10.7.jar:/Users/ivan/.m2/repository/org/apache/camel/camel-xslt/4.10.7/camel-xslt-4.10.7.jar:/Users/ivan/.m2/repository/org/apache/camel/springboot/camel-xml-jaxp-starter/4.10.7/camel-xml-jaxp-starter-4.10.7.jar:/Users/ivan/.m2/repository/org/apache/camel/camel-xml-jaxp/4.10.7/camel-xml-jaxp-4.10.7.jar:/Users/ivan/.m2/repository/org/apache/camel/camel-xml-jaxp-util/4.10.7/camel-xml-jaxp-util-4.10.7.jar:/Users/ivan/.m2/repository/org/apache/camel/camel-xml-io-util/4.10.7/camel-xml-io-util-4.10.7.jar:/Users/ivan/.m2/repository/org/apache/camel/springboot/camel-jpa-starter/4.10.7/camel-jpa-starter-4.10.7.jar:/Users/ivan/.m2/repository/org/apache/camel/camel-jpa/4.10.7/camel-jpa-4.10.7.jar:/Users/ivan/.m2/repository/org/apache/camel/camel-support/4.10.7/camel-support-4.10.7.jar:/Users/ivan/.m2/repository/org/apache/camel/camel-core-languages/4.10.7/camel-core-languages-4.10.7.jar:/Users/ivan/.m2/repository/org/projectlombok/lombok/1.18.34/lombok-1.18.34.jar:/Users/ivan/.m2/repository/org/mapstruct/mapstruct/1.6.3/mapstruct-1.6.3.jar:/Users/ivan/.m2/repository/org/apache/camel/springboot/camel-jackson-starter/4.10.7/camel-jackson-starter-4.10.7.jar:/Users/ivan/.m2/repository/org/apache/camel/camel-jackson/4.10.7/camel-jackson-4.10.7.jar:/Users/ivan/.m2/repository/com/fasterxml/jackson/core/jackson-databind/2.19.2/jackson-databind-2.19.2.jar:/Users/ivan/.m2/repository/com/fasterxml/jackson/core/jackson-annotations/2.19.2/jackson-annotations-2.19.2.jar:/Users/ivan/.m2/repository/com/fasterxml/jackson/core/jackson-core/2.19.2/jackson-core-2.19.2.jar:/Users/ivan/.m2/repository/org/apache/camel/springboot/camel-jacksonxml-starter/4.10.7/camel-jacksonxml-starter-4.10.7.jar:/Users/ivan/.m2/repository/org/apache/camel/camel-jacksonxml/4.10.7/camel-jacksonxml-4.10.7.jar:/Users/ivan/.m2/repository/com/fasterxml/jackson/dataformat/jackson-dataformat-xml/2.19.2/jackson-dataformat-xml-2.19.2.jar:/Users/ivan/.m2/repository/org/codehaus/woodstox/stax2-api/4.2.2/stax2-api-4.2.2.jar:/Users/ivan/.m2/repository/com/fasterxml/woodstox/woodstox-core/7.1.1/woodstox-core-7.1.1.jar:/Users/ivan/.m2/repository/com/fasterxml/jackson/module/jackson-module-jakarta-xmlbind-annotations/2.19.2/jackson-module-jakarta-xmlbind-annotations-2.19.2.jar:/Users/ivan/.m2/repository/org/springframework/boot/spring-boot-starter-test/3.5.6/spring-boot-starter-test-3.5.6.jar:/Users/ivan/.m2/repository/org/springframework/boot/spring-boot-test/3.5.6/spring-boot-test-3.5.6.jar:/Users/ivan/.m2/repository/org/springframework/boot/spring-boot-test-autoconfigure/3.5.6/spring-boot-test-autoconfigure-3.5.6.jar:/Users/ivan/.m2/repository/com/jayway/jsonpath/json-path/2.9.0/json-path-2.9.0.jar:/Users/ivan/.m2/repository/jakarta/xml/bind/jakarta.xml.bind-api/4.0.2/jakarta.xml.bind-api-4.0.2.jar:/Users/ivan/.m2/repository/jakarta/activation/jakarta.activation-api/2.1.4/jakarta.activation-api-2.1.4.jar:/Users/ivan/.m2/repository/net/minidev/json-smart/2.5.2/json-smart-2.5.2.jar:/Users/ivan/.m2/repository/net/minidev/accessors-smart/2.5.2/accessors-smart-2.5.2.jar:/Users/ivan/.m2/repository/org/ow2/asm/asm/9.7.1/asm-9.7.1.jar:/Users/ivan/.m2/repository/org/assertj/assertj-core/3.27.4/assertj-core-3.27.4.jar:/Users/ivan/.m2/repository/org/awaitility/awaitility/4.2.2/awaitility-4.2.2.jar:/Users/ivan/.m2/repository/org/hamcrest/hamcrest/3.0/hamcrest-3.0.jar:/Users/ivan/.m2/repository/org/junit/jupiter/junit-jupiter/5.12.2/junit-jupiter-5.12.2.jar:/Users/ivan/.m2/repository/org/junit/jupiter/junit-jupiter-api/5.12.2/junit-jupiter-api-5.12.2.jar:/Users/ivan/.m2/repository/org/opentest4j/opentest4j/1.3.0/opentest4j-1.3.0.jar:/Users/ivan/.m2/repository/org/junit/platform/junit-platform-commons/1.12.2/junit-platform-commons-1.12.2.jar:/Users/ivan/.m2/repository/org/apiguardian/apiguardian-api/1.1.2/apiguardian-api-1.1.2.jar:/Users/ivan/.m2/repository/org/junit/jupiter/junit-jupiter-params/5.12.2/junit-jupiter-params-5.12.2.jar:/Users/ivan/.m2/repository/org/junit/jupiter/junit-jupiter-engine/5.12.2/junit-jupiter-engine-5.12.2.jar:/Users/ivan/.m2/repository/org/junit/platform/junit-platform-engine/1.12.2/junit-platform-engine-1.12.2.jar:/Users/ivan/.m2/repository/org/mockito/mockito-core/5.17.0/mockito-core-5.17.0.jar:/Users/ivan/.m2/repository/net/bytebuddy/byte-buddy-agent/1.17.7/byte-buddy-agent-1.17.7.jar:/Users/ivan/.m2/repository/org/objenesis/objenesis/3.3/objenesis-3.3.jar:/Users/ivan/.m2/repository/org/mockito/mockito-junit-jupiter/5.17.0/mockito-junit-jupiter-5.17.0.jar:/Users/ivan/.m2/repository/org/skyscreamer/jsonassert/1.5.3/jsonassert-1.5.3.jar:/Users/ivan/.m2/repository/com/vaadin/external/google/android-json/0.0.20131108.vaadin1/android-json-0.0.20131108.vaadin1.jar:/Users/ivan/.m2/repository/org/springframework/spring-test/6.2.11/spring-test-6.2.11.jar:/Users/ivan/.m2/repository/org/xmlunit/xmlunit-core/2.10.4/xmlunit-core-2.10.4.jar:/Users/ivan/.m2/repository/org/apache/camel/camel-test-spring-junit5/4.10.7/camel-test-spring-junit5-4.10.7.jar:/Users/ivan/.m2/repository/org/apache/camel/camel-test-junit5/4.10.7/camel-test-junit5-4.10.7.jar:/Users/ivan/.m2/repository/org/apache/camel/camel-spring-xml/4.10.7/camel-spring-xml-4.10.7.jar:/Users/ivan/.m2/repository/org/apache/camel/camel-xml-jaxb/4.10.7/camel-xml-jaxb-4.10.7.jar:/Users/ivan/.m2/repository/org/apache/camel/camel-core-xml/4.10.7/camel-core-xml-4.10.7.jar:"/>
    <property name="sun.cpu.endian" value="little"/>
    <property name="user.home" value="/Users/ivan"/>
    <property name="user.language" value="es"/>
    <property name="java.specification.vendor" value="Oracle Corporation"/>
    <property name="java.version.date" value="2025-07-15"/>
    <property name="java.home" value="/Library/Java/JavaVirtualMachines/jdk-21.jdk/Contents/Home"/>
    <property name="file.separator" value="/"/>
    <property name="basedir" value="/Users/ivan/formacionCamel/proyectos/bueno"/>
    <property name="java.vm.compressedOopsMode" value="Zero based"/>
    <property name="line.separator" value="&#10;"/>
    <property name="java.vm.specification.vendor" value="Oracle Corporation"/>
    <property name="java.specification.name" value="Java Platform API Specification"/>
    <property name="FILE_LOG_CHARSET" value="UTF-8"/>
    <property name="java.awt.headless" value="true"/>
    <property name="apple.awt.application.name" value="ForkedBooter"/>
    <property name="surefire.real.class.path" value="/Users/ivan/formacionCamel/proyectos/bueno/target/surefire/surefirebooter-20251010100814693_3.jar"/>
    <property name="sun.management.compiler" value="HotSpot 64-Bit Tiered Compilers"/>
    <property name="ftp.nonProxyHosts" value="local|*.local|169.254/16|*.169.254/16"/>
    <property name="java.runtime.version" value="21.0.8+12-LTS-250"/>
    <property name="user.name" value="ivan"/>
    <property name="stdout.encoding" value="UTF-8"/>
    <property name="path.separator" value=":"/>
    <property name="os.version" value="15.3.2"/>
    <property name="java.runtime.name" value="Java(TM) SE Runtime Environment"/>
    <property name="file.encoding" value="UTF-8"/>
    <property name="java.vm.name" value="Java HotSpot(TM) 64-Bit Server VM"/>
    <property name="localRepository" value="/Users/ivan/.m2/repository"/>
    <property name="java.vendor.url.bug" value="https://bugreport.java.com/bugreport/"/>
    <property name="java.io.tmpdir" value="/var/folders/ql/3xynm5zs1s5c25p5559m3t_r0000gn/T/"/>
    <property name="com.zaxxer.hikari.pool_number" value="3"/>
    <property name="java.version" value="21.0.8"/>
    <property name="user.dir" value="/Users/ivan/formacionCamel/proyectos/bueno"/>
    <property name="os.arch" value="x86_64"/>
    <property name="java.vm.specification.name" value="Java Virtual Machine Specification"/>
    <property name="PID" value="41250"/>
    <property name="CONSOLE_LOG_CHARSET" value="UTF-8"/>
    <property name="native.encoding" value="UTF-8"/>
    <property name="java.library.path" value="/Users/ivan/Library/Java/Extensions:/Library/Java/Extensions:/Network/Library/Java/Extensions:/System/Library/Java/Extensions:/usr/lib/java:."/>
    <property name="java.vm.info" value="mixed mode, sharing"/>
    <property name="stderr.encoding" value="UTF-8"/>
    <property name="java.vendor" value="Oracle Corporation"/>
    <property name="java.vm.version" value="21.0.8+12-LTS-250"/>
    <property name="sun.io.unicode.encoding" value="UnicodeBig"/>
    <property name="socksNonProxyHosts" value="local|*.local|169.254/16|*.169.254/16"/>
    <property name="java.class.version" value="65.0"/>
  </properties>
  <testcase name="mandarMensajeConPersonaConDNIValido" classname="com.curso.camel.casisistema.PruebaRutaCompletaTest" time="1.188">
    <failure message="El ID debe ser correcto ==&gt; expected: java.lang.Long@e2bdc58&lt;1&gt; but was: java.lang.String@599e81bd&lt;1&gt;" type="org.opentest4j.AssertionFailedError"><![CDATA[org.opentest4j.AssertionFailedError: El ID debe ser correcto ==> expected: java.lang.Long@e2bdc58<1> but was: java.lang.String@599e81bd<1>
	at org.junit.jupiter.api.AssertionFailureBuilder.build(AssertionFailureBuilder.java:151)
	at org.junit.jupiter.api.AssertionFailureBuilder.buildAndThrow(AssertionFailureBuilder.java:132)
	at org.junit.jupiter.api.AssertEquals.failNotEqual(AssertEquals.java:197)
	at org.junit.jupiter.api.AssertEquals.assertEquals(AssertEquals.java:182)
	at org.junit.jupiter.api.Assertions.assertEquals(Assertions.java:1156)
	at com.curso.camel.casisistema.PruebaRutaCompletaTest.mandarMensajeConPersonaConDNIValido(PruebaRutaCompletaTest.java:133)
	at java.base/java.lang.reflect.Method.invoke(Method.java:580)
	at java.base/java.util.ArrayList.forEach(ArrayList.java:1596)
	at java.base/java.util.ArrayList.forEach(ArrayList.java:1596)
]]></failure>
    <system-out><![CDATA[
  .   ____          _            __ _ _
 /\\ / ___'_ __ _ _(_)_ __  __ _ \ \ \ \
( ( )\___ | '_ | '_| | '_ \/ _` | \ \ \ \
 \\/  ___)| |_)| | | | | || (_| |  ) ) ) )
  '  |____| .__|_| |_|_| |_\__, | / / / /
 =========|_|==============|___/=/_/_/_/

 :: Spring Boot ::                (v3.5.6)

2025-10-10T10:08:24.459+02:00  INFO 41250 --- [           main] c.c.c.c.PruebaRutaCompletaTest           : Starting PruebaRutaCompletaTest using Java 21.0.8 with PID 41250 (started by ivan in /Users/ivan/formacionCamel/proyectos/bueno)
2025-10-10T10:08:24.460+02:00  INFO 41250 --- [           main] c.c.c.c.PruebaRutaCompletaTest           : No active profile set, falling back to 1 default profile: "default"
2025-10-10T10:08:25.258+02:00  INFO 41250 --- [           main] .s.d.r.c.RepositoryConfigurationDelegate : Bootstrapping Spring Data JPA repositories in DEFAULT mode.
2025-10-10T10:08:25.281+02:00  INFO 41250 --- [           main] .s.d.r.c.RepositoryConfigurationDelegate : Finished Spring Data repository scanning in 21 ms. Found 0 JPA repository interfaces.
2025-10-10T10:08:25.538+02:00  INFO 41250 --- [           main] com.zaxxer.hikari.HikariDataSource       : HikariPool-3 - Starting...
2025-10-10T10:08:25.543+02:00  INFO 41250 --- [           main] com.zaxxer.hikari.pool.HikariPool        : HikariPool-3 - Added connection conn20: url=jdbc:h2:mem:d89db6d6-cd04-4601-b220-bdef4f8758a6 user=SA
2025-10-10T10:08:25.543+02:00  INFO 41250 --- [           main] com.zaxxer.hikari.HikariDataSource       : HikariPool-3 - Start completed.
2025-10-10T10:08:25.629+02:00  INFO 41250 --- [           main] o.hibernate.jpa.internal.util.LogHelper  : HHH000204: Processing PersistenceUnitInfo [name: default]
2025-10-10T10:08:25.638+02:00  INFO 41250 --- [           main] o.h.c.internal.RegionFactoryInitiator    : HHH000026: Second-level cache disabled
2025-10-10T10:08:25.658+02:00  INFO 41250 --- [           main] o.s.o.j.p.SpringPersistenceUnitInfo      : No LoadTimeWeaver setup: ignoring JPA class transformer
2025-10-10T10:08:25.660+02:00  INFO 41250 --- [           main] org.hibernate.orm.connections.pooling    : HHH10001005: Database info:
	Database JDBC URL [Connecting through datasource 'HikariDataSource (HikariPool-3)']
	Database driver: undefined/unknown
	Database version: 2.3.232
	Autocommit mode: undefined/unknown
	Isolation level: undefined/unknown
	Minimum pool size: undefined/unknown
	Maximum pool size: undefined/unknown
2025-10-10T10:08:26.354+02:00  INFO 41250 --- [           main] o.h.e.t.j.p.i.JtaPlatformInitiator       : HHH000489: No JTA platform available (set 'hibernate.transaction.jta.platform' to enable JTA platform integration)
2025-10-10T10:08:26.386+02:00  INFO 41250 --- [           main] j.LocalContainerEntityManagerFactoryBean : Initialized JPA EntityManagerFactory for persistence unit 'default'
2025-10-10T10:08:27.210+02:00  INFO 41250 --- [           main] c.c.c.c.PruebaRutaCompletaTest           : Started PruebaRutaCompletaTest in 2.839 seconds (process running for 11.966)
2025-10-10T10:08:27.221+02:00  INFO 41250 --- [           main] c.t.s.j.CamelSpringBootExecutionListener : CamelSpringBootExecutionListener preparing: class com.curso.camel.casisistema.PruebaRutaCompletaTest
2025-10-10T10:08:27.221+02:00  INFO 41250 --- [           main] o.a.c.t.s.j.CamelAnnotationsHandler      : Disabling Camel JMX globally for tests by default. Use the DisableJMX annotation to override the default setting.
2025-10-10T10:08:27.222+02:00  INFO 41250 --- [           main] o.a.c.t.s.j.CamelAnnotationsHandler      : Setting shutdown timeout to [10 SECONDS] on CamelContext with name [camelContext].
2025-10-10T10:08:27.275+02:00  INFO 41250 --- [           main] c.t.s.j.CamelSpringBootExecutionListener : CamelSpringBootExecutionListener before: class com.curso.camel.casisistema.PruebaRutaCompletaTest.mandarMensajeConPersonaConDNIValido
2025-10-10T10:08:27.275+02:00  INFO 41250 --- [           main] c.t.s.j.CamelSpringBootExecutionListener : Initialized CamelSpringBootExecutionListener now ready to start CamelContext
2025-10-10T10:08:27.275+02:00  INFO 41250 --- [           main] o.a.c.t.s.j.CamelAnnotationsHandler      : Skipping starting CamelContext(s) as UseAdviceWith annotation was found and isUseAdviceWith is set to true.
2025-10-10T10:08:28.303+02:00  INFO 41250 --- [           main] o.apache.camel.builder.AdviceWithTasks   : AdviceWith replace input from [algo:algo] --> [direct::start]
2025-10-10T10:08:28.304+02:00  INFO 41250 --- [           main] o.apache.camel.builder.AdviceWithTasks   : AdviceWith (*) : [To[otra:cosa]] --> replace [To[mock:result]]
2025-10-10T10:08:28.304+02:00  INFO 41250 --- [           main] org.apache.camel.builder.AdviceWith      : AdviceWith route after: Route(ruta1-bbdd2kafka)[From[direct::start] -> [Log[Registro leído de la base de datos: ${body}], Bean[com.curso.camel.processor.edad.EdadProcessor], Bean[com.curso.camel.processor.dni.DNIProcessor], Filter[bean[SoloDNIsValidos method:matches] -> [Bean[com.curso.camel.processor.email.EmailProcessor], Filter[bean[SoloEmailsValidos method:matches] -> [Bean[com.curso.camel.mapper.PersonaIn2PersonaOutMapper], Marshal[org.apache.camel.model.DataFormatDefinition@6e00a1ba], Log[Mensaje XML a enviar a Kafka: ${body}], To[mock:result]]]]]]]
2025-10-10T10:08:28.308+02:00  INFO 41250 --- [           main] org.apache.camel.builder.AdviceWith      : Adviced route before/after as XML:
<route xmlns="http://camel.apache.org/schema/spring" id="ruta1-bbdd2kafka">
    <from uri="algo:algo"/>
    <log message="Registro leído de la base de datos: ${body}"/>
    <bean/>
    <bean/>
    <filter>
        <method beanType="com.curso.camel.filter.SoloDNIsValidos" method="matches"/>
        <bean/>
        <filter>
            <method beanType="com.curso.camel.filter.SoloEmailsValidos" method="matches"/>
            <bean/>
            <marshal>
                <beanio xmlns:xsi="http://www.w3.org/2001/XMLSchema-instance" xsi:type="dataFormat"/>
            </marshal>
            <log message="Mensaje XML a enviar a Kafka: ${body}"/>
            <to uri="otra:cosa"/>
        </filter>
    </filter>
</route>

<route xmlns="http://camel.apache.org/schema/spring" id="ruta1-bbdd2kafka">
    <from uri="direct::start"/>
    <log message="Registro leído de la base de datos: ${body}"/>
    <bean/>
    <bean/>
    <filter>
        <method beanType="com.curso.camel.filter.SoloDNIsValidos" method="matches"/>
        <bean/>
        <filter>
            <method beanType="com.curso.camel.filter.SoloEmailsValidos" method="matches"/>
            <bean/>
            <marshal>
                <beanio xmlns:xsi="http://www.w3.org/2001/XMLSchema-instance" xsi:type="dataFormat"/>
            </marshal>
            <log message="Mensaje XML a enviar a Kafka: ${body}"/>
            <to uri="mock:result"/>
        </filter>
    </filter>
</route>
2025-10-10T10:08:28.400+02:00  INFO 41250 --- [           main] o.a.c.impl.engine.AbstractCamelContext   : Apache Camel 4.10.7 (camel-58) is starting
2025-10-10T10:08:28.403+02:00  INFO 41250 --- [           main] o.a.c.c.jacksonxml.JacksonXMLDataFormat  : Registering module: com.fasterxml.jackson.module.jakarta.xmlbind.JakartaXmlBindAnnotationModule@4a7812cb
2025-10-10T10:08:28.404+02:00  INFO 41250 --- [           main] c.s.b.CamelSpringBootApplicationListener : Starting CamelMainRunController to ensure the main thread keeps running
2025-10-10T10:08:28.405+02:00  INFO 41250 --- [           main] o.a.c.impl.engine.AbstractCamelContext   : Routes startup (total:1)
2025-10-10T10:08:28.405+02:00  INFO 41250 --- [           main] o.a.c.impl.engine.AbstractCamelContext   :     Started ruta1-bbdd2kafka (direct://:start)
2025-10-10T10:08:28.405+02:00  INFO 41250 --- [           main] o.a.c.impl.engine.AbstractCamelContext   : Apache Camel 4.10.7 (camel-58) started in 4ms (build:0ms init:0ms start:4ms boot:1s976ms)
2025-10-10T10:08:28.405+02:00  INFO 41250 --- [inRunController] org.apache.camel.main.MainSupport        : Apache Camel (Main) 4.10.7 is starting
2025-10-10T10:08:28.414+02:00  INFO 41250 --- [           main] ruta1-bbdd2kafka                         : Registro leído de la base de datos: personaIn
2025-10-10T10:08:28.433+02:00  INFO 41250 --- [           main] ruta1-bbdd2kafka                         : Mensaje XML a enviar a Kafka: <Persona id="1"><DNI>12345678Z</DNI><Nombre>Juan Pérez</Nombre><Edad>35</Edad><Direccion><Calle>Calle Mayor 123</Calle><Ciudad>Madrid</Ciudad><CodigoPostal>28001</CodigoPostal><Pais>España</Pais></Direccion><DatosContacto><Telefonos><Telefono>600123456</Telefono></Telefonos><Emails><Email>juan@example.com</Email></Emails></DatosContacto></Persona>
2025-10-10T10:08:28.434+02:00  INFO 41250 --- [           main] o.a.camel.component.mock.MockEndpoint    : Asserting: mock://result is satisfied
2025-10-10T10:08:28.451+02:00  INFO 41250 --- [           main] c.c.c.c.PruebaRutaCompletaTest           : ********************************************************************************
2025-10-10T10:08:28.451+02:00  INFO 41250 --- [           main] c.c.c.c.PruebaRutaCompletaTest           : Testing done: mandarMensajeConPersonaConDNIValido (com.curso.camel.casisistema.PruebaRutaCompletaTest)
2025-10-10T10:08:28.451+02:00  INFO 41250 --- [           main] c.c.c.c.PruebaRutaCompletaTest           : Took: 1s176ms (1176 millis)
2025-10-10T10:08:28.451+02:00  INFO 41250 --- [           main] c.c.c.c.PruebaRutaCompletaTest           : ********************************************************************************
2025-10-10T10:08:28.452+02:00  INFO 41250 --- [           main] c.t.s.j.CamelSpringBootExecutionListener : CamelSpringBootExecutionListener after: class com.curso.camel.casisistema.PruebaRutaCompletaTest.mandarMensajeConPersonaConDNIValido
]]></system-out>
  </testcase>
</testsuite>