<?xml version="1.0" encoding="UTF-8"?>
<testsuite xmlns:xsi="http://www.w3.org/2001/XMLSchema-instance" xsi:noNamespaceSchemaLocation="https://maven.apache.org/surefire/maven-surefire-plugin/xsd/surefire-test-report-3.0.xsd" version="3.0" name="com.curso.camel.processor.email.EmailProcessorTest" time="0.142" tests="16" errors="0" skipped="0" failures="0">
  <properties>
    <property name="java.specification.version" value="21"/>
    <property name="sun.jnu.encoding" value="UTF-8"/>
    <property name="java.class.path" value="/Users/ivan/formacionCamel/proyectos/bueno/target/test-classes:/Users/ivan/formacionCamel/proyectos/bueno/target/classes:/Users/ivan/.m2/repository/org/springframework/boot/spring-boot-starter/3.5.6/spring-boot-starter-3.5.6.jar:/Users/ivan/.m2/repository/org/springframework/boot/spring-boot/3.5.6/spring-boot-3.5.6.jar:/Users/ivan/.m2/repository/org/springframework/spring-context/6.2.11/spring-context-6.2.11.jar:/Users/ivan/.m2/repository/org/springframework/spring-aop/6.2.11/spring-aop-6.2.11.jar:/Users/ivan/.m2/repository/org/springframework/spring-beans/6.2.11/spring-beans-6.2.11.jar:/Users/ivan/.m2/repository/org/springframework/spring-expression/6.2.11/spring-expression-6.2.11.jar:/Users/ivan/.m2/repository/io/micrometer/micrometer-observation/1.15.4/micrometer-observation-1.15.4.jar:/Users/ivan/.m2/repository/io/micrometer/micrometer-commons/1.15.4/micrometer-commons-1.15.4.jar:/Users/ivan/.m2/repository/org/springframework/boot/spring-boot-autoconfigure/3.5.6/spring-boot-autoconfigure-3.5.6.jar:/Users/ivan/.m2/repository/org/springframework/boot/spring-boot-starter-logging/3.5.6/spring-boot-starter-logging-3.5.6.jar:/Users/ivan/.m2/repository/ch/qos/logback/logback-classic/1.5.18/logback-classic-1.5.18.jar:/Users/ivan/.m2/repository/ch/qos/logback/logback-core/1.5.18/logback-core-1.5.18.jar:/Users/ivan/.m2/repository/org/apache/logging/log4j/log4j-to-slf4j/2.24.3/log4j-to-slf4j-2.24.3.jar:/Users/ivan/.m2/repository/org/apache/logging/log4j/log4j-api/2.24.3/log4j-api-2.24.3.jar:/Users/ivan/.m2/repository/org/slf4j/jul-to-slf4j/2.0.17/jul-to-slf4j-2.0.17.jar:/Users/ivan/.m2/repository/jakarta/annotation/jakarta.annotation-api/2.1.1/jakarta.annotation-api-2.1.1.jar:/Users/ivan/.m2/repository/org/springframework/spring-core/6.2.11/spring-core-6.2.11.jar:/Users/ivan/.m2/repository/org/springframework/spring-jcl/6.2.11/spring-jcl-6.2.11.jar:/Users/ivan/.m2/repository/org/yaml/snakeyaml/2.4/snakeyaml-2.4.jar:/Users/ivan/.m2/repository/org/apache/camel/springboot/camel-spring-boot-starter/4.10.7/camel-spring-boot-starter-4.10.7.jar:/Users/ivan/.m2/repository/org/apache/camel/springboot/camel-spring-boot/4.10.7/camel-spring-boot-4.10.7.jar:/Users/ivan/.m2/repository/org/apache/camel/camel-spring/4.10.7/camel-spring-4.10.7.jar:/Users/ivan/.m2/repository/org/apache/camel/camel-management-api/4.10.7/camel-management-api-4.10.7.jar:/Users/ivan/.m2/repository/org/springframework/spring-tx/6.2.11/spring-tx-6.2.11.jar:/Users/ivan/.m2/repository/org/apache/camel/camel-spring-main/4.10.7/camel-spring-main-4.10.7.jar:/Users/ivan/.m2/repository/org/apache/camel/camel-main/4.10.7/camel-main-4.10.7.jar:/Users/ivan/.m2/repository/org/apache/camel/camel-base/4.10.7/camel-base-4.10.7.jar:/Users/ivan/.m2/repository/org/apache/camel/camel-util-json/4.10.7/camel-util-json-4.10.7.jar:/Users/ivan/.m2/repository/org/apache/camel/camel-cloud/4.10.7/camel-cloud-4.10.7.jar:/Users/ivan/.m2/repository/org/apache/camel/camel-core-model/4.10.7/camel-core-model-4.10.7.jar:/Users/ivan/.m2/repository/org/apache/camel/camel-core-processor/4.10.7/camel-core-processor-4.10.7.jar:/Users/ivan/.m2/repository/org/apache/camel/camel-cluster/4.10.7/camel-cluster-4.10.7.jar:/Users/ivan/.m2/repository/org/apache/camel/camel-base-engine/4.10.7/camel-base-engine-4.10.7.jar:/Users/ivan/.m2/repository/org/apache/camel/camel-health/4.10.7/camel-health-4.10.7.jar:/Users/ivan/.m2/repository/org/apache/camel/springboot/camel-core-starter/4.10.7/camel-core-starter-4.10.7.jar:/Users/ivan/.m2/repository/org/apache/camel/camel-core-engine/4.10.7/camel-core-engine-4.10.7.jar:/Users/ivan/.m2/repository/org/apache/camel/camel-api/4.10.7/camel-api-4.10.7.jar:/Users/ivan/.m2/repository/org/apache/camel/camel-core-reifier/4.10.7/camel-core-reifier-4.10.7.jar:/Users/ivan/.m2/repository/org/apache/camel/camel-util/4.10.7/camel-util-4.10.7.jar:/Users/ivan/.m2/repository/org/apache/camel/springboot/camel-bean-starter/4.10.7/camel-bean-starter-4.10.7.jar:/Users/ivan/.m2/repository/org/apache/camel/camel-bean/4.10.7/camel-bean-4.10.7.jar:/Users/ivan/.m2/repository/org/apache/camel/springboot/camel-browse-starter/4.10.7/camel-browse-starter-4.10.7.jar:/Users/ivan/.m2/repository/org/apache/camel/camel-browse/4.10.7/camel-browse-4.10.7.jar:/Users/ivan/.m2/repository/org/apache/camel/springboot/camel-controlbus-starter/4.10.7/camel-controlbus-starter-4.10.7.jar:/Users/ivan/.m2/repository/org/apache/camel/camel-controlbus/4.10.7/camel-controlbus-4.10.7.jar:/Users/ivan/.m2/repository/org/apache/camel/springboot/camel-dataformat-starter/4.10.7/camel-dataformat-starter-4.10.7.jar:/Users/ivan/.m2/repository/org/apache/camel/camel-dataformat/4.10.7/camel-dataformat-4.10.7.jar:/Users/ivan/.m2/repository/org/apache/camel/springboot/camel-dataset-starter/4.10.7/camel-dataset-starter-4.10.7.jar:/Users/ivan/.m2/repository/org/apache/camel/camel-dataset/4.10.7/camel-dataset-4.10.7.jar:/Users/ivan/.m2/repository/org/apache/camel/springboot/camel-direct-starter/4.10.7/camel-direct-starter-4.10.7.jar:/Users/ivan/.m2/repository/org/apache/camel/camel-direct/4.10.7/camel-direct-4.10.7.jar:/Users/ivan/.m2/repository/org/apache/camel/springboot/camel-file-starter/4.10.7/camel-file-starter-4.10.7.jar:/Users/ivan/.m2/repository/org/apache/camel/camel-file/4.10.7/camel-file-4.10.7.jar:/Users/ivan/.m2/repository/commons-codec/commons-codec/1.18.0/commons-codec-1.18.0.jar:/Users/ivan/.m2/repository/org/apache/camel/springboot/camel-language-starter/4.10.7/camel-language-starter-4.10.7.jar:/Users/ivan/.m2/repository/org/apache/camel/camel-language/4.10.7/camel-language-4.10.7.jar:/Users/ivan/.m2/repository/org/apache/camel/springboot/camel-log-starter/4.10.7/camel-log-starter-4.10.7.jar:/Users/ivan/.m2/repository/org/apache/camel/camel-log/4.10.7/camel-log-4.10.7.jar:/Users/ivan/.m2/repository/org/apache/camel/springboot/camel-mock-starter/4.10.7/camel-mock-starter-4.10.7.jar:/Users/ivan/.m2/repository/org/apache/camel/camel-mock/4.10.7/camel-mock-4.10.7.jar:/Users/ivan/.m2/repository/org/apache/camel/springboot/camel-ref-starter/4.10.7/camel-ref-starter-4.10.7.jar:/Users/ivan/.m2/repository/org/apache/camel/camel-ref/4.10.7/camel-ref-4.10.7.jar:/Users/ivan/.m2/repository/org/apache/camel/springboot/camel-rest-starter/4.10.7/camel-rest-starter-4.10.7.jar:/Users/ivan/.m2/repository/org/apache/camel/camel-rest/4.10.7/camel-rest-4.10.7.jar:/Users/ivan/.m2/repository/org/apache/camel/camel-tooling-model/4.10.7/camel-tooling-model-4.10.7.jar:/Users/ivan/.m2/repository/org/apache/camel/springboot/camel-saga-starter/4.10.7/camel-saga-starter-4.10.7.jar:/Users/ivan/.m2/repository/org/apache/camel/camel-saga/4.10.7/camel-saga-4.10.7.jar:/Users/ivan/.m2/repository/org/apache/camel/springboot/camel-scheduler-starter/4.10.7/camel-scheduler-starter-4.10.7.jar:/Users/ivan/.m2/repository/org/apache/camel/camel-scheduler/4.10.7/camel-scheduler-4.10.7.jar:/Users/ivan/.m2/repository/org/apache/camel/springboot/camel-seda-starter/4.10.7/camel-seda-starter-4.10.7.jar:/Users/ivan/.m2/repository/org/apache/camel/camel-seda/4.10.7/camel-seda-4.10.7.jar:/Users/ivan/.m2/repository/org/apache/camel/springboot/camel-stub-starter/4.10.7/camel-stub-starter-4.10.7.jar:/Users/ivan/.m2/repository/org/apache/camel/camel-stub/4.10.7/camel-stub-4.10.7.jar:/Users/ivan/.m2/repository/org/apache/camel/springboot/camel-timer-starter/4.10.7/camel-timer-starter-4.10.7.jar:/Users/ivan/.m2/repository/org/apache/camel/camel-timer/4.10.7/camel-timer-4.10.7.jar:/Users/ivan/.m2/repository/org/apache/camel/springboot/camel-validator-starter/4.10.7/camel-validator-starter-4.10.7.jar:/Users/ivan/.m2/repository/org/apache/camel/camel-validator/4.10.7/camel-validator-4.10.7.jar:/Users/ivan/.m2/repository/org/apache/camel/springboot/camel-xpath-starter/4.10.7/camel-xpath-starter-4.10.7.jar:/Users/ivan/.m2/repository/org/apache/camel/camel-xpath/4.10.7/camel-xpath-4.10.7.jar:/Users/ivan/.m2/repository/org/apache/camel/springboot/camel-xslt-starter/4.10.7/camel-xslt-starter-4.10.7.jar:/Users/ivan/.m2/repository/org/apache/camel/camel-xslt/4.10.7/camel-xslt-4.10.7.jar:/Users/ivan/.m2/repository/org/apache/camel/springboot/camel-xml-jaxp-starter/4.10.7/camel-xml-jaxp-starter-4.10.7.jar:/Users/ivan/.m2/repository/org/apache/camel/camel-xml-jaxp/4.10.7/camel-xml-jaxp-4.10.7.jar:/Users/ivan/.m2/repository/org/apache/camel/camel-xml-jaxp-util/4.10.7/camel-xml-jaxp-util-4.10.7.jar:/Users/ivan/.m2/repository/org/apache/camel/camel-xml-io-util/4.10.7/camel-xml-io-util-4.10.7.jar:/Users/ivan/.m2/repository/org/projectlombok/lombok/1.18.34/lombok-1.18.34.jar:/Users/ivan/.m2/repository/org/mapstruct/mapstruct/1.6.3/mapstruct-1.6.3.jar:/Users/ivan/.m2/repository/org/apache/camel/springboot/camel-jackson-starter/4.10.7/camel-jackson-starter-4.10.7.jar:/Users/ivan/.m2/repository/org/apache/camel/camel-jackson/4.10.7/camel-jackson-4.10.7.jar:/Users/ivan/.m2/repository/com/fasterxml/jackson/core/jackson-databind/2.19.2/jackson-databind-2.19.2.jar:/Users/ivan/.m2/repository/com/fasterxml/jackson/core/jackson-annotations/2.19.2/jackson-annotations-2.19.2.jar:/Users/ivan/.m2/repository/com/fasterxml/jackson/core/jackson-core/2.19.2/jackson-core-2.19.2.jar:/Users/ivan/.m2/repository/org/apache/camel/springboot/camel-jacksonxml-starter/4.10.7/camel-jacksonxml-starter-4.10.7.jar:/Users/ivan/.m2/repository/org/apache/camel/camel-jacksonxml/4.10.7/camel-jacksonxml-4.10.7.jar:/Users/ivan/.m2/repository/org/apache/camel/camel-support/4.10.7/camel-support-4.10.7.jar:/Users/ivan/.m2/repository/com/fasterxml/jackson/dataformat/jackson-dataformat-xml/2.19.2/jackson-dataformat-xml-2.19.2.jar:/Users/ivan/.m2/repository/org/codehaus/woodstox/stax2-api/4.2.2/stax2-api-4.2.2.jar:/Users/ivan/.m2/repository/com/fasterxml/woodstox/woodstox-core/7.1.1/woodstox-core-7.1.1.jar:/Users/ivan/.m2/repository/com/fasterxml/jackson/module/jackson-module-jakarta-xmlbind-annotations/2.19.2/jackson-module-jakarta-xmlbind-annotations-2.19.2.jar:/Users/ivan/.m2/repository/org/springframework/boot/spring-boot-starter-test/3.5.6/spring-boot-starter-test-3.5.6.jar:/Users/ivan/.m2/repository/org/springframework/boot/spring-boot-test/3.5.6/spring-boot-test-3.5.6.jar:/Users/ivan/.m2/repository/org/springframework/boot/spring-boot-test-autoconfigure/3.5.6/spring-boot-test-autoconfigure-3.5.6.jar:/Users/ivan/.m2/repository/com/jayway/jsonpath/json-path/2.9.0/json-path-2.9.0.jar:/Users/ivan/.m2/repository/org/slf4j/slf4j-api/2.0.17/slf4j-api-2.0.17.jar:/Users/ivan/.m2/repository/jakarta/xml/bind/jakarta.xml.bind-api/4.0.2/jakarta.xml.bind-api-4.0.2.jar:/Users/ivan/.m2/repository/jakarta/activation/jakarta.activation-api/2.1.4/jakarta.activation-api-2.1.4.jar:/Users/ivan/.m2/repository/net/minidev/json-smart/2.5.2/json-smart-2.5.2.jar:/Users/ivan/.m2/repository/net/minidev/accessors-smart/2.5.2/accessors-smart-2.5.2.jar:/Users/ivan/.m2/repository/org/ow2/asm/asm/9.7.1/asm-9.7.1.jar:/Users/ivan/.m2/repository/org/assertj/assertj-core/3.27.4/assertj-core-3.27.4.jar:/Users/ivan/.m2/repository/net/bytebuddy/byte-buddy/1.17.7/byte-buddy-1.17.7.jar:/Users/ivan/.m2/repository/org/awaitility/awaitility/4.2.2/awaitility-4.2.2.jar:/Users/ivan/.m2/repository/org/hamcrest/hamcrest/3.0/hamcrest-3.0.jar:/Users/ivan/.m2/repository/org/junit/jupiter/junit-jupiter/5.12.2/junit-jupiter-5.12.2.jar:/Users/ivan/.m2/repository/org/junit/jupiter/junit-jupiter-api/5.12.2/junit-jupiter-api-5.12.2.jar:/Users/ivan/.m2/repository/org/opentest4j/opentest4j/1.3.0/opentest4j-1.3.0.jar:/Users/ivan/.m2/repository/org/junit/platform/junit-platform-commons/1.12.2/junit-platform-commons-1.12.2.jar:/Users/ivan/.m2/repository/org/apiguardian/apiguardian-api/1.1.2/apiguardian-api-1.1.2.jar:/Users/ivan/.m2/repository/org/junit/jupiter/junit-jupiter-params/5.12.2/junit-jupiter-params-5.12.2.jar:/Users/ivan/.m2/repository/org/junit/jupiter/junit-jupiter-engine/5.12.2/junit-jupiter-engine-5.12.2.jar:/Users/ivan/.m2/repository/org/junit/platform/junit-platform-engine/1.12.2/junit-platform-engine-1.12.2.jar:/Users/ivan/.m2/repository/org/mockito/mockito-core/5.17.0/mockito-core-5.17.0.jar:/Users/ivan/.m2/repository/net/bytebuddy/byte-buddy-agent/1.17.7/byte-buddy-agent-1.17.7.jar:/Users/ivan/.m2/repository/org/objenesis/objenesis/3.3/objenesis-3.3.jar:/Users/ivan/.m2/repository/org/mockito/mockito-junit-jupiter/5.17.0/mockito-junit-jupiter-5.17.0.jar:/Users/ivan/.m2/repository/org/skyscreamer/jsonassert/1.5.3/jsonassert-1.5.3.jar:/Users/ivan/.m2/repository/com/vaadin/external/google/android-json/0.0.20131108.vaadin1/android-json-0.0.20131108.vaadin1.jar:/Users/ivan/.m2/repository/org/springframework/spring-test/6.2.11/spring-test-6.2.11.jar:/Users/ivan/.m2/repository/org/xmlunit/xmlunit-core/2.10.4/xmlunit-core-2.10.4.jar:/Users/ivan/.m2/repository/org/apache/camel/camel-test-spring-junit5/4.10.7/camel-test-spring-junit5-4.10.7.jar:/Users/ivan/.m2/repository/org/apache/camel/camel-test-junit5/4.10.7/camel-test-junit5-4.10.7.jar:/Users/ivan/.m2/repository/org/apache/camel/camel-core-languages/4.10.7/camel-core-languages-4.10.7.jar:/Users/ivan/.m2/repository/org/apache/camel/camel-spring-xml/4.10.7/camel-spring-xml-4.10.7.jar:/Users/ivan/.m2/repository/org/apache/camel/camel-xml-jaxb/4.10.7/camel-xml-jaxb-4.10.7.jar:/Users/ivan/.m2/repository/org/glassfish/jaxb/jaxb-runtime/4.0.5/jaxb-runtime-4.0.5.jar:/Users/ivan/.m2/repository/org/glassfish/jaxb/jaxb-core/4.0.5/jaxb-core-4.0.5.jar:/Users/ivan/.m2/repository/org/eclipse/angus/angus-activation/2.0.2/angus-activation-2.0.2.jar:/Users/ivan/.m2/repository/org/glassfish/jaxb/txw2/4.0.5/txw2-4.0.5.jar:/Users/ivan/.m2/repository/com/sun/istack/istack-commons-runtime/4.1.2/istack-commons-runtime-4.1.2.jar:/Users/ivan/.m2/repository/org/apache/camel/camel-core-xml/4.10.7/camel-core-xml-4.10.7.jar:"/>
    <property name="java.vm.vendor" value="Oracle Corporation"/>
    <property name="sun.arch.data.model" value="64"/>
    <property name="java.vendor.url" value="https://java.oracle.com/"/>
    <property name="user.timezone" value="Europe/Madrid"/>
    <property name="os.name" value="Mac OS X"/>
    <property name="java.vm.specification.version" value="21"/>
    <property name="sun.java.launcher" value="SUN_STANDARD"/>
    <property name="user.country" value="ES"/>
    <property name="sun.boot.library.path" value="/Library/Java/JavaVirtualMachines/jdk-21.jdk/Contents/Home/lib"/>
    <property name="sun.java.command" value="/Users/ivan/formacionCamel/proyectos/bueno/target/surefire/surefirebooter-20251009140106752_3.jar /Users/ivan/formacionCamel/proyectos/bueno/target/surefire 2025-10-09T14-01-06_601-jvmRun1 surefire-20251009140106752_1tmp surefire_0-20251009140106752_2tmp"/>
    <property name="http.nonProxyHosts" value="local|*.local|169.254/16|*.169.254/16"/>
    <property name="jdk.debug" value="release"/>
    <property name="surefire.test.class.path" value="/Users/ivan/formacionCamel/proyectos/bueno/target/test-classes:/Users/ivan/formacionCamel/proyectos/bueno/target/classes:/Users/ivan/.m2/repository/org/springframework/boot/spring-boot-starter/3.5.6/spring-boot-starter-3.5.6.jar:/Users/ivan/.m2/repository/org/springframework/boot/spring-boot/3.5.6/spring-boot-3.5.6.jar:/Users/ivan/.m2/repository/org/springframework/spring-context/6.2.11/spring-context-6.2.11.jar:/Users/ivan/.m2/repository/org/springframework/spring-aop/6.2.11/spring-aop-6.2.11.jar:/Users/ivan/.m2/repository/org/springframework/spring-beans/6.2.11/spring-beans-6.2.11.jar:/Users/ivan/.m2/repository/org/springframework/spring-expression/6.2.11/spring-expression-6.2.11.jar:/Users/ivan/.m2/repository/io/micrometer/micrometer-observation/1.15.4/micrometer-observation-1.15.4.jar:/Users/ivan/.m2/repository/io/micrometer/micrometer-commons/1.15.4/micrometer-commons-1.15.4.jar:/Users/ivan/.m2/repository/org/springframework/boot/spring-boot-autoconfigure/3.5.6/spring-boot-autoconfigure-3.5.6.jar:/Users/ivan/.m2/repository/org/springframework/boot/spring-boot-starter-logging/3.5.6/spring-boot-starter-logging-3.5.6.jar:/Users/ivan/.m2/repository/ch/qos/logback/logback-classic/1.5.18/logback-classic-1.5.18.jar:/Users/ivan/.m2/repository/ch/qos/logback/logback-core/1.5.18/logback-core-1.5.18.jar:/Users/ivan/.m2/repository/org/apache/logging/log4j/log4j-to-slf4j/2.24.3/log4j-to-slf4j-2.24.3.jar:/Users/ivan/.m2/repository/org/apache/logging/log4j/log4j-api/2.24.3/log4j-api-2.24.3.jar:/Users/ivan/.m2/repository/org/slf4j/jul-to-slf4j/2.0.17/jul-to-slf4j-2.0.17.jar:/Users/ivan/.m2/repository/jakarta/annotation/jakarta.annotation-api/2.1.1/jakarta.annotation-api-2.1.1.jar:/Users/ivan/.m2/repository/org/springframework/spring-core/6.2.11/spring-core-6.2.11.jar:/Users/ivan/.m2/repository/org/springframework/spring-jcl/6.2.11/spring-jcl-6.2.11.jar:/Users/ivan/.m2/repository/org/yaml/snakeyaml/2.4/snakeyaml-2.4.jar:/Users/ivan/.m2/repository/org/apache/camel/springboot/camel-spring-boot-starter/4.10.7/camel-spring-boot-starter-4.10.7.jar:/Users/ivan/.m2/repository/org/apache/camel/springboot/camel-spring-boot/4.10.7/camel-spring-boot-4.10.7.jar:/Users/ivan/.m2/repository/org/apache/camel/camel-spring/4.10.7/camel-spring-4.10.7.jar:/Users/ivan/.m2/repository/org/apache/camel/camel-management-api/4.10.7/camel-management-api-4.10.7.jar:/Users/ivan/.m2/repository/org/springframework/spring-tx/6.2.11/spring-tx-6.2.11.jar:/Users/ivan/.m2/repository/org/apache/camel/camel-spring-main/4.10.7/camel-spring-main-4.10.7.jar:/Users/ivan/.m2/repository/org/apache/camel/camel-main/4.10.7/camel-main-4.10.7.jar:/Users/ivan/.m2/repository/org/apache/camel/camel-base/4.10.7/camel-base-4.10.7.jar:/Users/ivan/.m2/repository/org/apache/camel/camel-util-json/4.10.7/camel-util-json-4.10.7.jar:/Users/ivan/.m2/repository/org/apache/camel/camel-cloud/4.10.7/camel-cloud-4.10.7.jar:/Users/ivan/.m2/repository/org/apache/camel/camel-core-model/4.10.7/camel-core-model-4.10.7.jar:/Users/ivan/.m2/repository/org/apache/camel/camel-core-processor/4.10.7/camel-core-processor-4.10.7.jar:/Users/ivan/.m2/repository/org/apache/camel/camel-cluster/4.10.7/camel-cluster-4.10.7.jar:/Users/ivan/.m2/repository/org/apache/camel/camel-base-engine/4.10.7/camel-base-engine-4.10.7.jar:/Users/ivan/.m2/repository/org/apache/camel/camel-health/4.10.7/camel-health-4.10.7.jar:/Users/ivan/.m2/repository/org/apache/camel/springboot/camel-core-starter/4.10.7/camel-core-starter-4.10.7.jar:/Users/ivan/.m2/repository/org/apache/camel/camel-core-engine/4.10.7/camel-core-engine-4.10.7.jar:/Users/ivan/.m2/repository/org/apache/camel/camel-api/4.10.7/camel-api-4.10.7.jar:/Users/ivan/.m2/repository/org/apache/camel/camel-core-reifier/4.10.7/camel-core-reifier-4.10.7.jar:/Users/ivan/.m2/repository/org/apache/camel/camel-util/4.10.7/camel-util-4.10.7.jar:/Users/ivan/.m2/repository/org/apache/camel/springboot/camel-bean-starter/4.10.7/camel-bean-starter-4.10.7.jar:/Users/ivan/.m2/repository/org/apache/camel/camel-bean/4.10.7/camel-bean-4.10.7.jar:/Users/ivan/.m2/repository/org/apache/camel/springboot/camel-browse-starter/4.10.7/camel-browse-starter-4.10.7.jar:/Users/ivan/.m2/repository/org/apache/camel/camel-browse/4.10.7/camel-browse-4.10.7.jar:/Users/ivan/.m2/repository/org/apache/camel/springboot/camel-controlbus-starter/4.10.7/camel-controlbus-starter-4.10.7.jar:/Users/ivan/.m2/repository/org/apache/camel/camel-controlbus/4.10.7/camel-controlbus-4.10.7.jar:/Users/ivan/.m2/repository/org/apache/camel/springboot/camel-dataformat-starter/4.10.7/camel-dataformat-starter-4.10.7.jar:/Users/ivan/.m2/repository/org/apache/camel/camel-dataformat/4.10.7/camel-dataformat-4.10.7.jar:/Users/ivan/.m2/repository/org/apache/camel/springboot/camel-dataset-starter/4.10.7/camel-dataset-starter-4.10.7.jar:/Users/ivan/.m2/repository/org/apache/camel/camel-dataset/4.10.7/camel-dataset-4.10.7.jar:/Users/ivan/.m2/repository/org/apache/camel/springboot/camel-direct-starter/4.10.7/camel-direct-starter-4.10.7.jar:/Users/ivan/.m2/repository/org/apache/camel/camel-direct/4.10.7/camel-direct-4.10.7.jar:/Users/ivan/.m2/repository/org/apache/camel/springboot/camel-file-starter/4.10.7/camel-file-starter-4.10.7.jar:/Users/ivan/.m2/repository/org/apache/camel/camel-file/4.10.7/camel-file-4.10.7.jar:/Users/ivan/.m2/repository/commons-codec/commons-codec/1.18.0/commons-codec-1.18.0.jar:/Users/ivan/.m2/repository/org/apache/camel/springboot/camel-language-starter/4.10.7/camel-language-starter-4.10.7.jar:/Users/ivan/.m2/repository/org/apache/camel/camel-language/4.10.7/camel-language-4.10.7.jar:/Users/ivan/.m2/repository/org/apache/camel/springboot/camel-log-starter/4.10.7/camel-log-starter-4.10.7.jar:/Users/ivan/.m2/repository/org/apache/camel/camel-log/4.10.7/camel-log-4.10.7.jar:/Users/ivan/.m2/repository/org/apache/camel/springboot/camel-mock-starter/4.10.7/camel-mock-starter-4.10.7.jar:/Users/ivan/.m2/repository/org/apache/camel/camel-mock/4.10.7/camel-mock-4.10.7.jar:/Users/ivan/.m2/repository/org/apache/camel/springboot/camel-ref-starter/4.10.7/camel-ref-starter-4.10.7.jar:/Users/ivan/.m2/repository/org/apache/camel/camel-ref/4.10.7/camel-ref-4.10.7.jar:/Users/ivan/.m2/repository/org/apache/camel/springboot/camel-rest-starter/4.10.7/camel-rest-starter-4.10.7.jar:/Users/ivan/.m2/repository/org/apache/camel/camel-rest/4.10.7/camel-rest-4.10.7.jar:/Users/ivan/.m2/repository/org/apache/camel/camel-tooling-model/4.10.7/camel-tooling-model-4.10.7.jar:/Users/ivan/.m2/repository/org/apache/camel/springboot/camel-saga-starter/4.10.7/camel-saga-starter-4.10.7.jar:/Users/ivan/.m2/repository/org/apache/camel/camel-saga/4.10.7/camel-saga-4.10.7.jar:/Users/ivan/.m2/repository/org/apache/camel/springboot/camel-scheduler-starter/4.10.7/camel-scheduler-starter-4.10.7.jar:/Users/ivan/.m2/repository/org/apache/camel/camel-scheduler/4.10.7/camel-scheduler-4.10.7.jar:/Users/ivan/.m2/repository/org/apache/camel/springboot/camel-seda-starter/4.10.7/camel-seda-starter-4.10.7.jar:/Users/ivan/.m2/repository/org/apache/camel/camel-seda/4.10.7/camel-seda-4.10.7.jar:/Users/ivan/.m2/repository/org/apache/camel/springboot/camel-stub-starter/4.10.7/camel-stub-starter-4.10.7.jar:/Users/ivan/.m2/repository/org/apache/camel/camel-stub/4.10.7/camel-stub-4.10.7.jar:/Users/ivan/.m2/repository/org/apache/camel/springboot/camel-timer-starter/4.10.7/camel-timer-starter-4.10.7.jar:/Users/ivan/.m2/repository/org/apache/camel/camel-timer/4.10.7/camel-timer-4.10.7.jar:/Users/ivan/.m2/repository/org/apache/camel/springboot/camel-validator-starter/4.10.7/camel-validator-starter-4.10.7.jar:/Users/ivan/.m2/repository/org/apache/camel/camel-validator/4.10.7/camel-validator-4.10.7.jar:/Users/ivan/.m2/repository/org/apache/camel/springboot/camel-xpath-starter/4.10.7/camel-xpath-starter-4.10.7.jar:/Users/ivan/.m2/repository/org/apache/camel/camel-xpath/4.10.7/camel-xpath-4.10.7.jar:/Users/ivan/.m2/repository/org/apache/camel/springboot/camel-xslt-starter/4.10.7/camel-xslt-starter-4.10.7.jar:/Users/ivan/.m2/repository/org/apache/camel/camel-xslt/4.10.7/camel-xslt-4.10.7.jar:/Users/ivan/.m2/repository/org/apache/camel/springboot/camel-xml-jaxp-starter/4.10.7/camel-xml-jaxp-starter-4.10.7.jar:/Users/ivan/.m2/repository/org/apache/camel/camel-xml-jaxp/4.10.7/camel-xml-jaxp-4.10.7.jar:/Users/ivan/.m2/repository/org/apache/camel/camel-xml-jaxp-util/4.10.7/camel-xml-jaxp-util-4.10.7.jar:/Users/ivan/.m2/repository/org/apache/camel/camel-xml-io-util/4.10.7/camel-xml-io-util-4.10.7.jar:/Users/ivan/.m2/repository/org/projectlombok/lombok/1.18.34/lombok-1.18.34.jar:/Users/ivan/.m2/repository/org/mapstruct/mapstruct/1.6.3/mapstruct-1.6.3.jar:/Users/ivan/.m2/repository/org/apache/camel/springboot/camel-jackson-starter/4.10.7/camel-jackson-starter-4.10.7.jar:/Users/ivan/.m2/repository/org/apache/camel/camel-jackson/4.10.7/camel-jackson-4.10.7.jar:/Users/ivan/.m2/repository/com/fasterxml/jackson/core/jackson-databind/2.19.2/jackson-databind-2.19.2.jar:/Users/ivan/.m2/repository/com/fasterxml/jackson/core/jackson-annotations/2.19.2/jackson-annotations-2.19.2.jar:/Users/ivan/.m2/repository/com/fasterxml/jackson/core/jackson-core/2.19.2/jackson-core-2.19.2.jar:/Users/ivan/.m2/repository/org/apache/camel/springboot/camel-jacksonxml-starter/4.10.7/camel-jacksonxml-starter-4.10.7.jar:/Users/ivan/.m2/repository/org/apache/camel/camel-jacksonxml/4.10.7/camel-jacksonxml-4.10.7.jar:/Users/ivan/.m2/repository/org/apache/camel/camel-support/4.10.7/camel-support-4.10.7.jar:/Users/ivan/.m2/repository/com/fasterxml/jackson/dataformat/jackson-dataformat-xml/2.19.2/jackson-dataformat-xml-2.19.2.jar:/Users/ivan/.m2/repository/org/codehaus/woodstox/stax2-api/4.2.2/stax2-api-4.2.2.jar:/Users/ivan/.m2/repository/com/fasterxml/woodstox/woodstox-core/7.1.1/woodstox-core-7.1.1.jar:/Users/ivan/.m2/repository/com/fasterxml/jackson/module/jackson-module-jakarta-xmlbind-annotations/2.19.2/jackson-module-jakarta-xmlbind-annotations-2.19.2.jar:/Users/ivan/.m2/repository/org/springframework/boot/spring-boot-starter-test/3.5.6/spring-boot-starter-test-3.5.6.jar:/Users/ivan/.m2/repository/org/springframework/boot/spring-boot-test/3.5.6/spring-boot-test-3.5.6.jar:/Users/ivan/.m2/repository/org/springframework/boot/spring-boot-test-autoconfigure/3.5.6/spring-boot-test-autoconfigure-3.5.6.jar:/Users/ivan/.m2/repository/com/jayway/jsonpath/json-path/2.9.0/json-path-2.9.0.jar:/Users/ivan/.m2/repository/org/slf4j/slf4j-api/2.0.17/slf4j-api-2.0.17.jar:/Users/ivan/.m2/repository/jakarta/xml/bind/jakarta.xml.bind-api/4.0.2/jakarta.xml.bind-api-4.0.2.jar:/Users/ivan/.m2/repository/jakarta/activation/jakarta.activation-api/2.1.4/jakarta.activation-api-2.1.4.jar:/Users/ivan/.m2/repository/net/minidev/json-smart/2.5.2/json-smart-2.5.2.jar:/Users/ivan/.m2/repository/net/minidev/accessors-smart/2.5.2/accessors-smart-2.5.2.jar:/Users/ivan/.m2/repository/org/ow2/asm/asm/9.7.1/asm-9.7.1.jar:/Users/ivan/.m2/repository/org/assertj/assertj-core/3.27.4/assertj-core-3.27.4.jar:/Users/ivan/.m2/repository/net/bytebuddy/byte-buddy/1.17.7/byte-buddy-1.17.7.jar:/Users/ivan/.m2/repository/org/awaitility/awaitility/4.2.2/awaitility-4.2.2.jar:/Users/ivan/.m2/repository/org/hamcrest/hamcrest/3.0/hamcrest-3.0.jar:/Users/ivan/.m2/repository/org/junit/jupiter/junit-jupiter/5.12.2/junit-jupiter-5.12.2.jar:/Users/ivan/.m2/repository/org/junit/jupiter/junit-jupiter-api/5.12.2/junit-jupiter-api-5.12.2.jar:/Users/ivan/.m2/repository/org/opentest4j/opentest4j/1.3.0/opentest4j-1.3.0.jar:/Users/ivan/.m2/repository/org/junit/platform/junit-platform-commons/1.12.2/junit-platform-commons-1.12.2.jar:/Users/ivan/.m2/repository/org/apiguardian/apiguardian-api/1.1.2/apiguardian-api-1.1.2.jar:/Users/ivan/.m2/repository/org/junit/jupiter/junit-jupiter-params/5.12.2/junit-jupiter-params-5.12.2.jar:/Users/ivan/.m2/repository/org/junit/jupiter/junit-jupiter-engine/5.12.2/junit-jupiter-engine-5.12.2.jar:/Users/ivan/.m2/repository/org/junit/platform/junit-platform-engine/1.12.2/junit-platform-engine-1.12.2.jar:/Users/ivan/.m2/repository/org/mockito/mockito-core/5.17.0/mockito-core-5.17.0.jar:/Users/ivan/.m2/repository/net/bytebuddy/byte-buddy-agent/1.17.7/byte-buddy-agent-1.17.7.jar:/Users/ivan/.m2/repository/org/objenesis/objenesis/3.3/objenesis-3.3.jar:/Users/ivan/.m2/repository/org/mockito/mockito-junit-jupiter/5.17.0/mockito-junit-jupiter-5.17.0.jar:/Users/ivan/.m2/repository/org/skyscreamer/jsonassert/1.5.3/jsonassert-1.5.3.jar:/Users/ivan/.m2/repository/com/vaadin/external/google/android-json/0.0.20131108.vaadin1/android-json-0.0.20131108.vaadin1.jar:/Users/ivan/.m2/repository/org/springframework/spring-test/6.2.11/spring-test-6.2.11.jar:/Users/ivan/.m2/repository/org/xmlunit/xmlunit-core/2.10.4/xmlunit-core-2.10.4.jar:/Users/ivan/.m2/repository/org/apache/camel/camel-test-spring-junit5/4.10.7/camel-test-spring-junit5-4.10.7.jar:/Users/ivan/.m2/repository/org/apache/camel/camel-test-junit5/4.10.7/camel-test-junit5-4.10.7.jar:/Users/ivan/.m2/repository/org/apache/camel/camel-core-languages/4.10.7/camel-core-languages-4.10.7.jar:/Users/ivan/.m2/repository/org/apache/camel/camel-spring-xml/4.10.7/camel-spring-xml-4.10.7.jar:/Users/ivan/.m2/repository/org/apache/camel/camel-xml-jaxb/4.10.7/camel-xml-jaxb-4.10.7.jar:/Users/ivan/.m2/repository/org/glassfish/jaxb/jaxb-runtime/4.0.5/jaxb-runtime-4.0.5.jar:/Users/ivan/.m2/repository/org/glassfish/jaxb/jaxb-core/4.0.5/jaxb-core-4.0.5.jar:/Users/ivan/.m2/repository/org/eclipse/angus/angus-activation/2.0.2/angus-activation-2.0.2.jar:/Users/ivan/.m2/repository/org/glassfish/jaxb/txw2/4.0.5/txw2-4.0.5.jar:/Users/ivan/.m2/repository/com/sun/istack/istack-commons-runtime/4.1.2/istack-commons-runtime-4.1.2.jar:/Users/ivan/.m2/repository/org/apache/camel/camel-core-xml/4.10.7/camel-core-xml-4.10.7.jar:"/>
    <property name="sun.cpu.endian" value="little"/>
    <property name="user.home" value="/Users/ivan"/>
    <property name="user.language" value="es"/>
    <property name="java.specification.vendor" value="Oracle Corporation"/>
    <property name="java.version.date" value="2025-07-15"/>
    <property name="java.home" value="/Library/Java/JavaVirtualMachines/jdk-21.jdk/Contents/Home"/>
    <property name="file.separator" value="/"/>
    <property name="basedir" value="/Users/ivan/formacionCamel/proyectos/bueno"/>
    <property name="java.vm.compressedOopsMode" value="Zero based"/>
    <property name="line.separator" value="&#10;"/>
    <property name="java.vm.specification.vendor" value="Oracle Corporation"/>
    <property name="java.specification.name" value="Java Platform API Specification"/>
    <property name="FILE_LOG_CHARSET" value="UTF-8"/>
    <property name="java.awt.headless" value="true"/>
    <property name="apple.awt.application.name" value="ForkedBooter"/>
    <property name="surefire.real.class.path" value="/Users/ivan/formacionCamel/proyectos/bueno/target/surefire/surefirebooter-20251009140106752_3.jar"/>
    <property name="sun.management.compiler" value="HotSpot 64-Bit Tiered Compilers"/>
    <property name="ftp.nonProxyHosts" value="local|*.local|169.254/16|*.169.254/16"/>
    <property name="java.runtime.version" value="21.0.8+12-LTS-250"/>
    <property name="user.name" value="ivan"/>
    <property name="stdout.encoding" value="UTF-8"/>
    <property name="path.separator" value=":"/>
    <property name="os.version" value="15.3.2"/>
    <property name="java.runtime.name" value="Java(TM) SE Runtime Environment"/>
    <property name="file.encoding" value="UTF-8"/>
    <property name="java.vm.name" value="Java HotSpot(TM) 64-Bit Server VM"/>
    <property name="localRepository" value="/Users/ivan/.m2/repository"/>
    <property name="java.vendor.url.bug" value="https://bugreport.java.com/bugreport/"/>
    <property name="java.io.tmpdir" value="/var/folders/ql/3xynm5zs1s5c25p5559m3t_r0000gn/T/"/>
    <property name="java.version" value="21.0.8"/>
    <property name="user.dir" value="/Users/ivan/formacionCamel/proyectos/bueno"/>
    <property name="os.arch" value="x86_64"/>
    <property name="java.vm.specification.name" value="Java Virtual Machine Specification"/>
    <property name="PID" value="83214"/>
    <property name="CONSOLE_LOG_CHARSET" value="UTF-8"/>
    <property name="native.encoding" value="UTF-8"/>
    <property name="java.library.path" value="/Users/ivan/Library/Java/Extensions:/Library/Java/Extensions:/Network/Library/Java/Extensions:/System/Library/Java/Extensions:/usr/lib/java:."/>
    <property name="java.vm.info" value="mixed mode, sharing"/>
    <property name="stderr.encoding" value="UTF-8"/>
    <property name="java.vendor" value="Oracle Corporation"/>
    <property name="java.vm.version" value="21.0.8+12-LTS-250"/>
    <property name="sun.io.unicode.encoding" value="UnicodeBig"/>
    <property name="socksNonProxyHosts" value="local|*.local|169.254/16|*.169.254/16"/>
    <property name="java.class.version" value="65.0"/>
  </properties>
  <testcase name="testEsEmailNoValido(String)[1]" classname="com.curso.camel.processor.email.EmailProcessorTest" time="0.016"/>
  <testcase name="testEsEmailNoValido(String)[2]" classname="com.curso.camel.processor.email.EmailProcessorTest" time="0.008"/>
  <testcase name="testEsEmailNoValido(String)[3]" classname="com.curso.camel.processor.email.EmailProcessorTest" time="0.008"/>
  <testcase name="testEsEmailNoValido(String)[4]" classname="com.curso.camel.processor.email.EmailProcessorTest" time="0.009"/>
  <testcase name="testEsEmailNoValido(String)[5]" classname="com.curso.camel.processor.email.EmailProcessorTest" time="0.005"/>
  <testcase name="testEsEmailNoValido(String)[6]" classname="com.curso.camel.processor.email.EmailProcessorTest" time="0.01"/>
  <testcase name="testEsEmailNoValido(String)[7]" classname="com.curso.camel.processor.email.EmailProcessorTest" time="0.006"/>
  <testcase name="testEsEmailNoValido(String)[8]" classname="com.curso.camel.processor.email.EmailProcessorTest" time="0.011"/>
  <testcase name="testEsEmailNoValido(String)[9]" classname="com.curso.camel.processor.email.EmailProcessorTest" time="0.006"/>
  <testcase name="testEsEmailNoValido(String)[10]" classname="com.curso.camel.processor.email.EmailProcessorTest" time="0.008"/>
  <testcase name="testEsEmailValido(String)[1]" classname="com.curso.camel.processor.email.EmailProcessorTest" time="0.006"/>
  <testcase name="testEsEmailValido(String)[2]" classname="com.curso.camel.processor.email.EmailProcessorTest" time="0.006"/>
  <testcase name="testEsEmailValido(String)[3]" classname="com.curso.camel.processor.email.EmailProcessorTest" time="0.005"/>
  <testcase name="testEsEmailValido(String)[4]" classname="com.curso.camel.processor.email.EmailProcessorTest" time="0.004"/>
  <testcase name="testEsEmailValido(String)[5]" classname="com.curso.camel.processor.email.EmailProcessorTest" time="0.007"/>
  <testcase name="testEsEmailValido(String)[6]" classname="com.curso.camel.processor.email.EmailProcessorTest" time="0.006"/>
</testsuite>