<?xml version="1.0" encoding="UTF-8"?>
<Person>
    <id>123</id>
    <name> Ada Lovelace </name>
    <age>36</age>
</Person>